18:50:25:060  INFO 58280 --- [main] com.place.PlaceExplorerApplicationTests  : Starting PlaceExplorerApplicationTests using Java 11.0.20 on ZCY_Laptop with PID 58280 (started by ZCY- in D:\Courses\Web\proj\place-explorer\place-service)
18:50:25:061 DEBUG 58280 --- [main] com.place.PlaceExplorerApplicationTests  : Running with Spring Boot v2.7.12, Spring v5.3.27
18:50:25:061  INFO 58280 --- [main] com.place.PlaceExplorerApplicationTests  : The following 1 profile is active: "dev"
18:50:26:187  INFO 58280 --- [main] trationDelegate$BeanPostProcessorChecker : Bean 'org.apache.shiro.spring.boot.autoconfigure.ShiroBeanAutoConfiguration' of type [org.apache.shiro.spring.boot.autoconfigure.ShiroBeanAutoConfiguration$$EnhancerBySpringCGLIB$$aa3b9d81] is not eligible for getting processed by all BeanPostProcessors (for example: not eligible for auto-proxying)
18:50:26:264  INFO 58280 --- [main] trationDelegate$BeanPostProcessorChecker : Bean 'org.apache.shiro.spring.boot.autoconfigure.ShiroAnnotationProcessorAutoConfiguration' of type [org.apache.shiro.spring.boot.autoconfigure.ShiroAnnotationProcessorAutoConfiguration$$EnhancerBySpringCGLIB$$accedc26] is not eligible for getting processed by all BeanPostProcessors (for example: not eligible for auto-proxying)
18:50:26:318  INFO 58280 --- [main] trationDelegate$BeanPostProcessorChecker : Bean 'shiroConfig' of type [com.place.utils.shiro.ShiroConfig$$EnhancerBySpringCGLIB$$4ace33b] is not eligible for getting processed by all BeanPostProcessors (for example: not eligible for auto-proxying)
18:50:26:370  INFO 58280 --- [main] trationDelegate$BeanPostProcessorChecker : Bean 'hashedCredentialsMatcher' of type [org.apache.shiro.authc.credential.HashedCredentialsMatcher] is not eligible for getting processed by all BeanPostProcessors (for example: not eligible for auto-proxying)
18:50:26:526  INFO 58280 --- [main] trationDelegate$BeanPostProcessorChecker : Bean 'mybatis-plus-com.baomidou.mybatisplus.autoconfigure.MybatisPlusProperties' of type [com.baomidou.mybatisplus.autoconfigure.MybatisPlusProperties] is not eligible for getting processed by all BeanPostProcessors (for example: not eligible for auto-proxying)
18:50:26:531  INFO 58280 --- [main] trationDelegate$BeanPostProcessorChecker : Bean 'com.place.common.config.MyBatisConfig' of type [com.place.common.config.MyBatisConfig$$EnhancerBySpringCGLIB$$b2d7adce] is not eligible for getting processed by all BeanPostProcessors (for example: not eligible for auto-proxying)
18:50:26:541  INFO 58280 --- [main] trationDelegate$BeanPostProcessorChecker : Bean 'mybatisPlusInterceptor' of type [com.baomidou.mybatisplus.extension.plugins.MybatisPlusInterceptor] is not eligible for getting processed by all BeanPostProcessors (for example: not eligible for auto-proxying)
18:50:26:549  INFO 58280 --- [main] trationDelegate$BeanPostProcessorChecker : Bean 'com.baomidou.mybatisplus.autoconfigure.MybatisPlusAutoConfiguration' of type [com.baomidou.mybatisplus.autoconfigure.MybatisPlusAutoConfiguration$$EnhancerBySpringCGLIB$$d4eb2c6b] is not eligible for getting processed by all BeanPostProcessors (for example: not eligible for auto-proxying)
18:50:26:553  INFO 58280 --- [main] trationDelegate$BeanPostProcessorChecker : Bean 'org.springframework.boot.autoconfigure.jdbc.DataSourceConfiguration$Hikari' of type [org.springframework.boot.autoconfigure.jdbc.DataSourceConfiguration$Hikari] is not eligible for getting processed by all BeanPostProcessors (for example: not eligible for auto-proxying)
18:50:26:563  INFO 58280 --- [main] trationDelegate$BeanPostProcessorChecker : Bean 'spring.datasource-org.springframework.boot.autoconfigure.jdbc.DataSourceProperties' of type [org.springframework.boot.autoconfigure.jdbc.DataSourceProperties] is not eligible for getting processed by all BeanPostProcessors (for example: not eligible for auto-proxying)
18:50:26:586  INFO 58280 --- [main] trationDelegate$BeanPostProcessorChecker : Bean 'dataSource' of type [com.zaxxer.hikari.HikariDataSource] is not eligible for getting processed by all BeanPostProcessors (for example: not eligible for auto-proxying)
18:50:27:045  INFO 58280 --- [main] trationDelegate$BeanPostProcessorChecker : Bean 'sqlSessionFactory' of type [org.apache.ibatis.session.defaults.DefaultSqlSessionFactory] is not eligible for getting processed by all BeanPostProcessors (for example: not eligible for auto-proxying)
18:50:27:048  INFO 58280 --- [main] trationDelegate$BeanPostProcessorChecker : Bean 'org.springframework.boot.autoconfigure.sql.init.DataSourceInitializationConfiguration' of type [org.springframework.boot.autoconfigure.sql.init.DataSourceInitializationConfiguration] is not eligible for getting processed by all BeanPostProcessors (for example: not eligible for auto-proxying)
18:50:27:053  INFO 58280 --- [main] trationDelegate$BeanPostProcessorChecker : Bean 'spring.sql.init-org.springframework.boot.autoconfigure.sql.init.SqlInitializationProperties' of type [org.springframework.boot.autoconfigure.sql.init.SqlInitializationProperties] is not eligible for getting processed by all BeanPostProcessors (for example: not eligible for auto-proxying)
18:50:27:061  INFO 58280 --- [main] trationDelegate$BeanPostProcessorChecker : Bean 'dataSourceScriptDatabaseInitializer' of type [org.springframework.boot.autoconfigure.sql.init.SqlDataSourceScriptDatabaseInitializer] is not eligible for getting processed by all BeanPostProcessors (for example: not eligible for auto-proxying)
18:50:27:071  INFO 58280 --- [main] trationDelegate$BeanPostProcessorChecker : Bean 'sqlSessionTemplate' of type [org.mybatis.spring.SqlSessionTemplate] is not eligible for getting processed by all BeanPostProcessors (for example: not eligible for auto-proxying)
18:50:27:269  WARN 58280 --- [main] c.b.m.core.injector.AbstractMethod       : [com.place.mapper.UserMapper.delete] Has been loaded by XML or SqlProvider or Mybatis's Annotation, so ignoring this injection for [class com.baomidou.mybatisplus.core.injector.methods.Delete]
18:50:27:308  INFO 58280 --- [main] trationDelegate$BeanPostProcessorChecker : Bean 'userMapper' of type [org.mybatis.spring.mapper.MapperFactoryBean] is not eligible for getting processed by all BeanPostProcessors (for example: not eligible for auto-proxying)
18:50:27:313  INFO 58280 --- [main] trationDelegate$BeanPostProcessorChecker : Bean 'userMapper' of type [com.sun.proxy.$Proxy94] is not eligible for getting processed by all BeanPostProcessors (for example: not eligible for auto-proxying)
18:50:27:322  INFO 58280 --- [main] trationDelegate$BeanPostProcessorChecker : Bean 'userServiceImpl' of type [com.place.service.impl.UserServiceImpl] is not eligible for getting processed by all BeanPostProcessors (for example: not eligible for auto-proxying)
18:50:27:358  INFO 58280 --- [main] trationDelegate$BeanPostProcessorChecker : Bean 'myRealm' of type [com.place.utils.shiro.MyRealm] is not eligible for getting processed by all BeanPostProcessors (for example: not eligible for auto-proxying)
18:50:27:698  INFO 58280 --- [main] trationDelegate$BeanPostProcessorChecker : Bean 'manager' of type [org.apache.shiro.web.mgt.DefaultWebSecurityManager] is not eligible for getting processed by all BeanPostProcessors (for example: not eligible for auto-proxying)
18:50:27:721  INFO 58280 --- [main] trationDelegate$BeanPostProcessorChecker : Bean 'authorizationAttributeSourceAdvisor' of type [org.apache.shiro.spring.security.interceptor.AuthorizationAttributeSourceAdvisor] is not eligible for getting processed by all BeanPostProcessors (for example: not eligible for auto-proxying)
18:50:27:735  INFO 58280 --- [main] trationDelegate$BeanPostProcessorChecker : Bean 'eventBus' of type [org.apache.shiro.event.support.DefaultEventBus] is not eligible for getting processed by all BeanPostProcessors (for example: not eligible for auto-proxying)
18:50:29:030  INFO 58280 --- [main] pertySourcedRequestMappingHandlerMapping : Mapped URL path [/v2/api-docs] onto method [springfox.documentation.swagger2.web.Swagger2ControllerWebMvc#getDocumentation(String, HttpServletRequest)]
18:50:29:267  INFO 58280 --- [main] d.s.w.p.DocumentationPluginsBootstrapper : Documentation plugins bootstrapped
18:50:29:270  INFO 58280 --- [main] d.s.w.p.DocumentationPluginsBootstrapper : Found 1 custom documentation plugin(s)
18:50:29:312  INFO 58280 --- [main] s.d.s.w.s.ApiListingReferenceScanner     : Scanning for api listing references
18:50:29:434  INFO 58280 --- [main] .d.s.w.r.o.CachingOperationNameGenerator : Generating unique operation named: editUsingPOST_1
18:50:29:437  INFO 58280 --- [main] .d.s.w.r.o.CachingOperationNameGenerator : Generating unique operation named: addUsingPOST_1
18:50:29:440  INFO 58280 --- [main] .d.s.w.r.o.CachingOperationNameGenerator : Generating unique operation named: deleteUsingDELETE_1
18:50:29:441  INFO 58280 --- [main] .d.s.w.r.o.CachingOperationNameGenerator : Generating unique operation named: pageUsingGET_1
18:50:29:444  INFO 58280 --- [main] .d.s.w.r.o.CachingOperationNameGenerator : Generating unique operation named: pageUsingGET_2
18:50:29:477  INFO 58280 --- [main] .d.s.w.r.o.CachingOperationNameGenerator : Generating unique operation named: pageUsingGET_3
18:50:29:499  INFO 58280 --- [main] .d.s.w.r.o.CachingOperationNameGenerator : Generating unique operation named: deleteUsingDELETE_2
18:50:29:517  INFO 58280 --- [main] com.place.PlaceExplorerApplicationTests  : Started PlaceExplorerApplicationTests in 4.766 seconds (JVM running for 5.535)
18:55:42:372  INFO 41484 --- [main] com.place.PlaceExplorerApplicationTests  : Starting PlaceExplorerApplicationTests using Java 11.0.20 on ZCY_Laptop with PID 41484 (started by ZCY- in D:\Courses\Web\proj\place-explorer\place-service)
18:55:42:373 DEBUG 41484 --- [main] com.place.PlaceExplorerApplicationTests  : Running with Spring Boot v2.7.12, Spring v5.3.27
18:55:42:373  INFO 41484 --- [main] com.place.PlaceExplorerApplicationTests  : The following 1 profile is active: "dev"
18:55:43:371  INFO 41484 --- [main] trationDelegate$BeanPostProcessorChecker : Bean 'org.apache.shiro.spring.boot.autoconfigure.ShiroBeanAutoConfiguration' of type [org.apache.shiro.spring.boot.autoconfigure.ShiroBeanAutoConfiguration$$EnhancerBySpringCGLIB$$df4daf5c] is not eligible for getting processed by all BeanPostProcessors (for example: not eligible for auto-proxying)
18:55:43:417  INFO 41484 --- [main] trationDelegate$BeanPostProcessorChecker : Bean 'org.apache.shiro.spring.boot.autoconfigure.ShiroAnnotationProcessorAutoConfiguration' of type [org.apache.shiro.spring.boot.autoconfigure.ShiroAnnotationProcessorAutoConfiguration$$EnhancerBySpringCGLIB$$e1e0ee01] is not eligible for getting processed by all BeanPostProcessors (for example: not eligible for auto-proxying)
18:55:43:448  INFO 41484 --- [main] trationDelegate$BeanPostProcessorChecker : Bean 'shiroConfig' of type [com.place.utils.shiro.ShiroConfig$$EnhancerBySpringCGLIB$$39bef516] is not eligible for getting processed by all BeanPostProcessors (for example: not eligible for auto-proxying)
18:55:43:498  INFO 41484 --- [main] trationDelegate$BeanPostProcessorChecker : Bean 'hashedCredentialsMatcher' of type [org.apache.shiro.authc.credential.HashedCredentialsMatcher] is not eligible for getting processed by all BeanPostProcessors (for example: not eligible for auto-proxying)
18:55:43:642  INFO 41484 --- [main] trationDelegate$BeanPostProcessorChecker : Bean 'mybatis-plus-com.baomidou.mybatisplus.autoconfigure.MybatisPlusProperties' of type [com.baomidou.mybatisplus.autoconfigure.MybatisPlusProperties] is not eligible for getting processed by all BeanPostProcessors (for example: not eligible for auto-proxying)
18:55:43:649  INFO 41484 --- [main] trationDelegate$BeanPostProcessorChecker : Bean 'com.place.common.config.MyBatisConfig' of type [com.place.common.config.MyBatisConfig$$EnhancerBySpringCGLIB$$e7e9bfa9] is not eligible for getting processed by all BeanPostProcessors (for example: not eligible for auto-proxying)
18:55:43:666  INFO 41484 --- [main] trationDelegate$BeanPostProcessorChecker : Bean 'mybatisPlusInterceptor' of type [com.baomidou.mybatisplus.extension.plugins.MybatisPlusInterceptor] is not eligible for getting processed by all BeanPostProcessors (for example: not eligible for auto-proxying)
18:55:43:675  INFO 41484 --- [main] trationDelegate$BeanPostProcessorChecker : Bean 'com.baomidou.mybatisplus.autoconfigure.MybatisPlusAutoConfiguration' of type [com.baomidou.mybatisplus.autoconfigure.MybatisPlusAutoConfiguration$$EnhancerBySpringCGLIB$$9fd3e46] is not eligible for getting processed by all BeanPostProcessors (for example: not eligible for auto-proxying)
18:55:43:678  INFO 41484 --- [main] trationDelegate$BeanPostProcessorChecker : Bean 'org.springframework.boot.autoconfigure.jdbc.DataSourceConfiguration$Hikari' of type [org.springframework.boot.autoconfigure.jdbc.DataSourceConfiguration$Hikari] is not eligible for getting processed by all BeanPostProcessors (for example: not eligible for auto-proxying)
18:55:43:692  INFO 41484 --- [main] trationDelegate$BeanPostProcessorChecker : Bean 'spring.datasource-org.springframework.boot.autoconfigure.jdbc.DataSourceProperties' of type [org.springframework.boot.autoconfigure.jdbc.DataSourceProperties] is not eligible for getting processed by all BeanPostProcessors (for example: not eligible for auto-proxying)
18:55:43:720  INFO 41484 --- [main] trationDelegate$BeanPostProcessorChecker : Bean 'dataSource' of type [com.zaxxer.hikari.HikariDataSource] is not eligible for getting processed by all BeanPostProcessors (for example: not eligible for auto-proxying)
18:55:44:205  INFO 41484 --- [main] trationDelegate$BeanPostProcessorChecker : Bean 'sqlSessionFactory' of type [org.apache.ibatis.session.defaults.DefaultSqlSessionFactory] is not eligible for getting processed by all BeanPostProcessors (for example: not eligible for auto-proxying)
18:55:44:208  INFO 41484 --- [main] trationDelegate$BeanPostProcessorChecker : Bean 'org.springframework.boot.autoconfigure.sql.init.DataSourceInitializationConfiguration' of type [org.springframework.boot.autoconfigure.sql.init.DataSourceInitializationConfiguration] is not eligible for getting processed by all BeanPostProcessors (for example: not eligible for auto-proxying)
18:55:44:212  INFO 41484 --- [main] trationDelegate$BeanPostProcessorChecker : Bean 'spring.sql.init-org.springframework.boot.autoconfigure.sql.init.SqlInitializationProperties' of type [org.springframework.boot.autoconfigure.sql.init.SqlInitializationProperties] is not eligible for getting processed by all BeanPostProcessors (for example: not eligible for auto-proxying)
18:55:44:224  INFO 41484 --- [main] trationDelegate$BeanPostProcessorChecker : Bean 'dataSourceScriptDatabaseInitializer' of type [org.springframework.boot.autoconfigure.sql.init.SqlDataSourceScriptDatabaseInitializer] is not eligible for getting processed by all BeanPostProcessors (for example: not eligible for auto-proxying)
18:55:44:232  INFO 41484 --- [main] trationDelegate$BeanPostProcessorChecker : Bean 'sqlSessionTemplate' of type [org.mybatis.spring.SqlSessionTemplate] is not eligible for getting processed by all BeanPostProcessors (for example: not eligible for auto-proxying)
18:55:44:424  WARN 41484 --- [main] c.b.m.core.injector.AbstractMethod       : [com.place.mapper.UserMapper.delete] Has been loaded by XML or SqlProvider or Mybatis's Annotation, so ignoring this injection for [class com.baomidou.mybatisplus.core.injector.methods.Delete]
18:55:44:457  INFO 41484 --- [main] trationDelegate$BeanPostProcessorChecker : Bean 'userMapper' of type [org.mybatis.spring.mapper.MapperFactoryBean] is not eligible for getting processed by all BeanPostProcessors (for example: not eligible for auto-proxying)
18:55:44:462  INFO 41484 --- [main] trationDelegate$BeanPostProcessorChecker : Bean 'userMapper' of type [com.sun.proxy.$Proxy94] is not eligible for getting processed by all BeanPostProcessors (for example: not eligible for auto-proxying)
18:55:44:473  INFO 41484 --- [main] trationDelegate$BeanPostProcessorChecker : Bean 'userServiceImpl' of type [com.place.service.impl.UserServiceImpl] is not eligible for getting processed by all BeanPostProcessors (for example: not eligible for auto-proxying)
18:55:44:505  INFO 41484 --- [main] trationDelegate$BeanPostProcessorChecker : Bean 'myRealm' of type [com.place.utils.shiro.MyRealm] is not eligible for getting processed by all BeanPostProcessors (for example: not eligible for auto-proxying)
18:55:44:893  INFO 41484 --- [main] trationDelegate$BeanPostProcessorChecker : Bean 'manager' of type [org.apache.shiro.web.mgt.DefaultWebSecurityManager] is not eligible for getting processed by all BeanPostProcessors (for example: not eligible for auto-proxying)
18:55:44:914  INFO 41484 --- [main] trationDelegate$BeanPostProcessorChecker : Bean 'authorizationAttributeSourceAdvisor' of type [org.apache.shiro.spring.security.interceptor.AuthorizationAttributeSourceAdvisor] is not eligible for getting processed by all BeanPostProcessors (for example: not eligible for auto-proxying)
18:55:44:934  INFO 41484 --- [main] trationDelegate$BeanPostProcessorChecker : Bean 'eventBus' of type [org.apache.shiro.event.support.DefaultEventBus] is not eligible for getting processed by all BeanPostProcessors (for example: not eligible for auto-proxying)
18:55:46:559  INFO 41484 --- [main] pertySourcedRequestMappingHandlerMapping : Mapped URL path [/v2/api-docs] onto method [springfox.documentation.swagger2.web.Swagger2ControllerWebMvc#getDocumentation(String, HttpServletRequest)]
18:55:46:859  INFO 41484 --- [main] d.s.w.p.DocumentationPluginsBootstrapper : Documentation plugins bootstrapped
18:55:46:862  INFO 41484 --- [main] d.s.w.p.DocumentationPluginsBootstrapper : Found 1 custom documentation plugin(s)
18:55:46:906  INFO 41484 --- [main] s.d.s.w.s.ApiListingReferenceScanner     : Scanning for api listing references
18:55:47:052  INFO 41484 --- [main] .d.s.w.r.o.CachingOperationNameGenerator : Generating unique operation named: editUsingPOST_1
18:55:47:056  INFO 41484 --- [main] .d.s.w.r.o.CachingOperationNameGenerator : Generating unique operation named: addUsingPOST_1
18:55:47:062  INFO 41484 --- [main] .d.s.w.r.o.CachingOperationNameGenerator : Generating unique operation named: deleteUsingDELETE_1
18:55:47:066  INFO 41484 --- [main] .d.s.w.r.o.CachingOperationNameGenerator : Generating unique operation named: pageUsingGET_1
18:55:47:069  INFO 41484 --- [main] .d.s.w.r.o.CachingOperationNameGenerator : Generating unique operation named: pageUsingGET_2
18:55:47:098  INFO 41484 --- [main] .d.s.w.r.o.CachingOperationNameGenerator : Generating unique operation named: pageUsingGET_3
18:55:47:121  INFO 41484 --- [main] .d.s.w.r.o.CachingOperationNameGenerator : Generating unique operation named: deleteUsingDELETE_2
18:55:47:140  INFO 41484 --- [main] com.place.PlaceExplorerApplicationTests  : Started PlaceExplorerApplicationTests in 5.091 seconds (JVM running for 5.839)
18:55:57:500  INFO 24960 --- [main] com.place.PlaceExplorerApplicationTests  : Starting PlaceExplorerApplicationTests using Java 11.0.20 on ZCY_Laptop with PID 24960 (started by ZCY- in D:\Courses\Web\proj\place-explorer\place-service)
18:55:57:501 DEBUG 24960 --- [main] com.place.PlaceExplorerApplicationTests  : Running with Spring Boot v2.7.12, Spring v5.3.27
18:55:57:501  INFO 24960 --- [main] com.place.PlaceExplorerApplicationTests  : The following 1 profile is active: "dev"
18:55:58:488  INFO 24960 --- [main] trationDelegate$BeanPostProcessorChecker : Bean 'org.apache.shiro.spring.boot.autoconfigure.ShiroBeanAutoConfiguration' of type [org.apache.shiro.spring.boot.autoconfigure.ShiroBeanAutoConfiguration$$EnhancerBySpringCGLIB$$f298d74f] is not eligible for getting processed by all BeanPostProcessors (for example: not eligible for auto-proxying)
18:55:58:549  INFO 24960 --- [main] trationDelegate$BeanPostProcessorChecker : Bean 'org.apache.shiro.spring.boot.autoconfigure.ShiroAnnotationProcessorAutoConfiguration' of type [org.apache.shiro.spring.boot.autoconfigure.ShiroAnnotationProcessorAutoConfiguration$$EnhancerBySpringCGLIB$$f52c15f4] is not eligible for getting processed by all BeanPostProcessors (for example: not eligible for auto-proxying)
18:55:58:588  INFO 24960 --- [main] trationDelegate$BeanPostProcessorChecker : Bean 'shiroConfig' of type [com.place.utils.shiro.ShiroConfig$$EnhancerBySpringCGLIB$$4d0a1d09] is not eligible for getting processed by all BeanPostProcessors (for example: not eligible for auto-proxying)
18:55:58:632  INFO 24960 --- [main] trationDelegate$BeanPostProcessorChecker : Bean 'hashedCredentialsMatcher' of type [org.apache.shiro.authc.credential.HashedCredentialsMatcher] is not eligible for getting processed by all BeanPostProcessors (for example: not eligible for auto-proxying)
18:55:58:774  INFO 24960 --- [main] trationDelegate$BeanPostProcessorChecker : Bean 'mybatis-plus-com.baomidou.mybatisplus.autoconfigure.MybatisPlusProperties' of type [com.baomidou.mybatisplus.autoconfigure.MybatisPlusProperties] is not eligible for getting processed by all BeanPostProcessors (for example: not eligible for auto-proxying)
18:55:58:784  INFO 24960 --- [main] trationDelegate$BeanPostProcessorChecker : Bean 'com.place.common.config.MyBatisConfig' of type [com.place.common.config.MyBatisConfig$$EnhancerBySpringCGLIB$$fb34e79c] is not eligible for getting processed by all BeanPostProcessors (for example: not eligible for auto-proxying)
18:55:58:799  INFO 24960 --- [main] trationDelegate$BeanPostProcessorChecker : Bean 'mybatisPlusInterceptor' of type [com.baomidou.mybatisplus.extension.plugins.MybatisPlusInterceptor] is not eligible for getting processed by all BeanPostProcessors (for example: not eligible for auto-proxying)
18:55:58:808  INFO 24960 --- [main] trationDelegate$BeanPostProcessorChecker : Bean 'com.baomidou.mybatisplus.autoconfigure.MybatisPlusAutoConfiguration' of type [com.baomidou.mybatisplus.autoconfigure.MybatisPlusAutoConfiguration$$EnhancerBySpringCGLIB$$1d486639] is not eligible for getting processed by all BeanPostProcessors (for example: not eligible for auto-proxying)
18:55:58:810  INFO 24960 --- [main] trationDelegate$BeanPostProcessorChecker : Bean 'org.springframework.boot.autoconfigure.jdbc.DataSourceConfiguration$Hikari' of type [org.springframework.boot.autoconfigure.jdbc.DataSourceConfiguration$Hikari] is not eligible for getting processed by all BeanPostProcessors (for example: not eligible for auto-proxying)
18:55:58:829  INFO 24960 --- [main] trationDelegate$BeanPostProcessorChecker : Bean 'spring.datasource-org.springframework.boot.autoconfigure.jdbc.DataSourceProperties' of type [org.springframework.boot.autoconfigure.jdbc.DataSourceProperties] is not eligible for getting processed by all BeanPostProcessors (for example: not eligible for auto-proxying)
18:55:58:862  INFO 24960 --- [main] trationDelegate$BeanPostProcessorChecker : Bean 'dataSource' of type [com.zaxxer.hikari.HikariDataSource] is not eligible for getting processed by all BeanPostProcessors (for example: not eligible for auto-proxying)
18:55:59:335  INFO 24960 --- [main] trationDelegate$BeanPostProcessorChecker : Bean 'sqlSessionFactory' of type [org.apache.ibatis.session.defaults.DefaultSqlSessionFactory] is not eligible for getting processed by all BeanPostProcessors (for example: not eligible for auto-proxying)
18:55:59:337  INFO 24960 --- [main] trationDelegate$BeanPostProcessorChecker : Bean 'org.springframework.boot.autoconfigure.sql.init.DataSourceInitializationConfiguration' of type [org.springframework.boot.autoconfigure.sql.init.DataSourceInitializationConfiguration] is not eligible for getting processed by all BeanPostProcessors (for example: not eligible for auto-proxying)
18:55:59:341  INFO 24960 --- [main] trationDelegate$BeanPostProcessorChecker : Bean 'spring.sql.init-org.springframework.boot.autoconfigure.sql.init.SqlInitializationProperties' of type [org.springframework.boot.autoconfigure.sql.init.SqlInitializationProperties] is not eligible for getting processed by all BeanPostProcessors (for example: not eligible for auto-proxying)
18:55:59:351  INFO 24960 --- [main] trationDelegate$BeanPostProcessorChecker : Bean 'dataSourceScriptDatabaseInitializer' of type [org.springframework.boot.autoconfigure.sql.init.SqlDataSourceScriptDatabaseInitializer] is not eligible for getting processed by all BeanPostProcessors (for example: not eligible for auto-proxying)
18:55:59:360  INFO 24960 --- [main] trationDelegate$BeanPostProcessorChecker : Bean 'sqlSessionTemplate' of type [org.mybatis.spring.SqlSessionTemplate] is not eligible for getting processed by all BeanPostProcessors (for example: not eligible for auto-proxying)
18:55:59:492  WARN 24960 --- [main] c.b.m.core.injector.AbstractMethod       : [com.place.mapper.UserMapper.delete] Has been loaded by XML or SqlProvider or Mybatis's Annotation, so ignoring this injection for [class com.baomidou.mybatisplus.core.injector.methods.Delete]
18:55:59:526  INFO 24960 --- [main] trationDelegate$BeanPostProcessorChecker : Bean 'userMapper' of type [org.mybatis.spring.mapper.MapperFactoryBean] is not eligible for getting processed by all BeanPostProcessors (for example: not eligible for auto-proxying)
18:55:59:529  INFO 24960 --- [main] trationDelegate$BeanPostProcessorChecker : Bean 'userMapper' of type [com.sun.proxy.$Proxy94] is not eligible for getting processed by all BeanPostProcessors (for example: not eligible for auto-proxying)
18:55:59:537  INFO 24960 --- [main] trationDelegate$BeanPostProcessorChecker : Bean 'userServiceImpl' of type [com.place.service.impl.UserServiceImpl] is not eligible for getting processed by all BeanPostProcessors (for example: not eligible for auto-proxying)
18:55:59:569  INFO 24960 --- [main] trationDelegate$BeanPostProcessorChecker : Bean 'myRealm' of type [com.place.utils.shiro.MyRealm] is not eligible for getting processed by all BeanPostProcessors (for example: not eligible for auto-proxying)
18:55:59:939  INFO 24960 --- [main] trationDelegate$BeanPostProcessorChecker : Bean 'manager' of type [org.apache.shiro.web.mgt.DefaultWebSecurityManager] is not eligible for getting processed by all BeanPostProcessors (for example: not eligible for auto-proxying)
18:55:59:959  INFO 24960 --- [main] trationDelegate$BeanPostProcessorChecker : Bean 'authorizationAttributeSourceAdvisor' of type [org.apache.shiro.spring.security.interceptor.AuthorizationAttributeSourceAdvisor] is not eligible for getting processed by all BeanPostProcessors (for example: not eligible for auto-proxying)
18:55:59:975  INFO 24960 --- [main] trationDelegate$BeanPostProcessorChecker : Bean 'eventBus' of type [org.apache.shiro.event.support.DefaultEventBus] is not eligible for getting processed by all BeanPostProcessors (for example: not eligible for auto-proxying)
18:56:01:419  INFO 24960 --- [main] pertySourcedRequestMappingHandlerMapping : Mapped URL path [/v2/api-docs] onto method [springfox.documentation.swagger2.web.Swagger2ControllerWebMvc#getDocumentation(String, HttpServletRequest)]
18:56:01:662  INFO 24960 --- [main] d.s.w.p.DocumentationPluginsBootstrapper : Documentation plugins bootstrapped
18:56:01:666  INFO 24960 --- [main] d.s.w.p.DocumentationPluginsBootstrapper : Found 1 custom documentation plugin(s)
18:56:01:701  INFO 24960 --- [main] s.d.s.w.s.ApiListingReferenceScanner     : Scanning for api listing references
18:56:01:848  INFO 24960 --- [main] .d.s.w.r.o.CachingOperationNameGenerator : Generating unique operation named: editUsingPOST_1
18:56:01:852  INFO 24960 --- [main] .d.s.w.r.o.CachingOperationNameGenerator : Generating unique operation named: addUsingPOST_1
18:56:01:854  INFO 24960 --- [main] .d.s.w.r.o.CachingOperationNameGenerator : Generating unique operation named: deleteUsingDELETE_1
18:56:01:855  INFO 24960 --- [main] .d.s.w.r.o.CachingOperationNameGenerator : Generating unique operation named: pageUsingGET_1
18:56:01:857  INFO 24960 --- [main] .d.s.w.r.o.CachingOperationNameGenerator : Generating unique operation named: pageUsingGET_2
18:56:01:897  INFO 24960 --- [main] .d.s.w.r.o.CachingOperationNameGenerator : Generating unique operation named: pageUsingGET_3
18:56:01:925  INFO 24960 --- [main] .d.s.w.r.o.CachingOperationNameGenerator : Generating unique operation named: deleteUsingDELETE_2
18:56:01:944  INFO 24960 --- [main] com.place.PlaceExplorerApplicationTests  : Started PlaceExplorerApplicationTests in 4.779 seconds (JVM running for 5.488)
19:08:40:616  INFO 58304 --- [main] com.place.PlaceExplorerApplicationTests  : Starting PlaceExplorerApplicationTests using Java 11.0.20 on ZCY_Laptop with PID 58304 (started by ZCY- in D:\Courses\Web\proj\place-explorer\place-service)
19:08:40:618 DEBUG 58304 --- [main] com.place.PlaceExplorerApplicationTests  : Running with Spring Boot v2.7.12, Spring v5.3.27
19:08:40:619  INFO 58304 --- [main] com.place.PlaceExplorerApplicationTests  : The following 1 profile is active: "dev"
19:08:42:786  INFO 58304 --- [main] trationDelegate$BeanPostProcessorChecker : Bean 'org.apache.shiro.spring.boot.autoconfigure.ShiroBeanAutoConfiguration' of type [org.apache.shiro.spring.boot.autoconfigure.ShiroBeanAutoConfiguration$$EnhancerBySpringCGLIB$$6d300ca3] is not eligible for getting processed by all BeanPostProcessors (for example: not eligible for auto-proxying)
19:08:42:887  INFO 58304 --- [main] trationDelegate$BeanPostProcessorChecker : Bean 'org.apache.shiro.spring.boot.autoconfigure.ShiroAnnotationProcessorAutoConfiguration' of type [org.apache.shiro.spring.boot.autoconfigure.ShiroAnnotationProcessorAutoConfiguration$$EnhancerBySpringCGLIB$$6fc34b48] is not eligible for getting processed by all BeanPostProcessors (for example: not eligible for auto-proxying)
19:08:42:954  INFO 58304 --- [main] trationDelegate$BeanPostProcessorChecker : Bean 'shiroConfig' of type [com.place.utils.shiro.ShiroConfig$$EnhancerBySpringCGLIB$$c7a1525d] is not eligible for getting processed by all BeanPostProcessors (for example: not eligible for auto-proxying)
19:08:43:039  INFO 58304 --- [main] trationDelegate$BeanPostProcessorChecker : Bean 'hashedCredentialsMatcher' of type [org.apache.shiro.authc.credential.HashedCredentialsMatcher] is not eligible for getting processed by all BeanPostProcessors (for example: not eligible for auto-proxying)
19:08:43:256  INFO 58304 --- [main] trationDelegate$BeanPostProcessorChecker : Bean 'mybatis-plus-com.baomidou.mybatisplus.autoconfigure.MybatisPlusProperties' of type [com.baomidou.mybatisplus.autoconfigure.MybatisPlusProperties] is not eligible for getting processed by all BeanPostProcessors (for example: not eligible for auto-proxying)
19:08:43:269  INFO 58304 --- [main] trationDelegate$BeanPostProcessorChecker : Bean 'com.place.common.config.MyBatisConfig' of type [com.place.common.config.MyBatisConfig$$EnhancerBySpringCGLIB$$75cc1cf0] is not eligible for getting processed by all BeanPostProcessors (for example: not eligible for auto-proxying)
19:08:43:296  INFO 58304 --- [main] trationDelegate$BeanPostProcessorChecker : Bean 'mybatisPlusInterceptor' of type [com.baomidou.mybatisplus.extension.plugins.MybatisPlusInterceptor] is not eligible for getting processed by all BeanPostProcessors (for example: not eligible for auto-proxying)
19:08:43:313  INFO 58304 --- [main] trationDelegate$BeanPostProcessorChecker : Bean 'com.baomidou.mybatisplus.autoconfigure.MybatisPlusAutoConfiguration' of type [com.baomidou.mybatisplus.autoconfigure.MybatisPlusAutoConfiguration$$EnhancerBySpringCGLIB$$97df9b8d] is not eligible for getting processed by all BeanPostProcessors (for example: not eligible for auto-proxying)
19:08:43:318  INFO 58304 --- [main] trationDelegate$BeanPostProcessorChecker : Bean 'org.springframework.boot.autoconfigure.jdbc.DataSourceConfiguration$Hikari' of type [org.springframework.boot.autoconfigure.jdbc.DataSourceConfiguration$Hikari] is not eligible for getting processed by all BeanPostProcessors (for example: not eligible for auto-proxying)
19:08:43:342  INFO 58304 --- [main] trationDelegate$BeanPostProcessorChecker : Bean 'spring.datasource-org.springframework.boot.autoconfigure.jdbc.DataSourceProperties' of type [org.springframework.boot.autoconfigure.jdbc.DataSourceProperties] is not eligible for getting processed by all BeanPostProcessors (for example: not eligible for auto-proxying)
19:08:43:394  INFO 58304 --- [main] trationDelegate$BeanPostProcessorChecker : Bean 'dataSource' of type [com.zaxxer.hikari.HikariDataSource] is not eligible for getting processed by all BeanPostProcessors (for example: not eligible for auto-proxying)
19:08:44:322  INFO 58304 --- [main] trationDelegate$BeanPostProcessorChecker : Bean 'sqlSessionFactory' of type [org.apache.ibatis.session.defaults.DefaultSqlSessionFactory] is not eligible for getting processed by all BeanPostProcessors (for example: not eligible for auto-proxying)
19:08:44:334  INFO 58304 --- [main] trationDelegate$BeanPostProcessorChecker : Bean 'org.springframework.boot.autoconfigure.sql.init.DataSourceInitializationConfiguration' of type [org.springframework.boot.autoconfigure.sql.init.DataSourceInitializationConfiguration] is not eligible for getting processed by all BeanPostProcessors (for example: not eligible for auto-proxying)
19:08:44:346  INFO 58304 --- [main] trationDelegate$BeanPostProcessorChecker : Bean 'spring.sql.init-org.springframework.boot.autoconfigure.sql.init.SqlInitializationProperties' of type [org.springframework.boot.autoconfigure.sql.init.SqlInitializationProperties] is not eligible for getting processed by all BeanPostProcessors (for example: not eligible for auto-proxying)
19:08:44:360  INFO 58304 --- [main] trationDelegate$BeanPostProcessorChecker : Bean 'dataSourceScriptDatabaseInitializer' of type [org.springframework.boot.autoconfigure.sql.init.SqlDataSourceScriptDatabaseInitializer] is not eligible for getting processed by all BeanPostProcessors (for example: not eligible for auto-proxying)
19:08:44:375  INFO 58304 --- [main] trationDelegate$BeanPostProcessorChecker : Bean 'sqlSessionTemplate' of type [org.mybatis.spring.SqlSessionTemplate] is not eligible for getting processed by all BeanPostProcessors (for example: not eligible for auto-proxying)
19:08:44:777  WARN 58304 --- [main] c.b.m.core.injector.AbstractMethod       : [com.place.mapper.UserMapper.delete] Has been loaded by XML or SqlProvider or Mybatis's Annotation, so ignoring this injection for [class com.baomidou.mybatisplus.core.injector.methods.Delete]
19:08:44:873  INFO 58304 --- [main] trationDelegate$BeanPostProcessorChecker : Bean 'userMapper' of type [org.mybatis.spring.mapper.MapperFactoryBean] is not eligible for getting processed by all BeanPostProcessors (for example: not eligible for auto-proxying)
19:08:44:879  INFO 58304 --- [main] trationDelegate$BeanPostProcessorChecker : Bean 'userMapper' of type [com.sun.proxy.$Proxy94] is not eligible for getting processed by all BeanPostProcessors (for example: not eligible for auto-proxying)
19:08:44:896  INFO 58304 --- [main] trationDelegate$BeanPostProcessorChecker : Bean 'userServiceImpl' of type [com.place.service.impl.UserServiceImpl] is not eligible for getting processed by all BeanPostProcessors (for example: not eligible for auto-proxying)
19:08:44:953  INFO 58304 --- [main] trationDelegate$BeanPostProcessorChecker : Bean 'myRealm' of type [com.place.utils.shiro.MyRealm] is not eligible for getting processed by all BeanPostProcessors (for example: not eligible for auto-proxying)
19:08:45:713  INFO 58304 --- [main] trationDelegate$BeanPostProcessorChecker : Bean 'manager' of type [org.apache.shiro.web.mgt.DefaultWebSecurityManager] is not eligible for getting processed by all BeanPostProcessors (for example: not eligible for auto-proxying)
19:08:45:753  INFO 58304 --- [main] trationDelegate$BeanPostProcessorChecker : Bean 'authorizationAttributeSourceAdvisor' of type [org.apache.shiro.spring.security.interceptor.AuthorizationAttributeSourceAdvisor] is not eligible for getting processed by all BeanPostProcessors (for example: not eligible for auto-proxying)
19:08:45:770  INFO 58304 --- [main] trationDelegate$BeanPostProcessorChecker : Bean 'eventBus' of type [org.apache.shiro.event.support.DefaultEventBus] is not eligible for getting processed by all BeanPostProcessors (for example: not eligible for auto-proxying)
19:08:48:806  INFO 58304 --- [main] pertySourcedRequestMappingHandlerMapping : Mapped URL path [/v2/api-docs] onto method [springfox.documentation.swagger2.web.Swagger2ControllerWebMvc#getDocumentation(String, HttpServletRequest)]
19:08:49:228  INFO 58304 --- [main] d.s.w.p.DocumentationPluginsBootstrapper : Documentation plugins bootstrapped
19:08:49:233  INFO 58304 --- [main] d.s.w.p.DocumentationPluginsBootstrapper : Found 1 custom documentation plugin(s)
19:08:49:286  INFO 58304 --- [main] s.d.s.w.s.ApiListingReferenceScanner     : Scanning for api listing references
19:08:49:497  INFO 58304 --- [main] .d.s.w.r.o.CachingOperationNameGenerator : Generating unique operation named: editUsingPOST_1
19:08:49:502  INFO 58304 --- [main] .d.s.w.r.o.CachingOperationNameGenerator : Generating unique operation named: addUsingPOST_1
19:08:49:509  INFO 58304 --- [main] .d.s.w.r.o.CachingOperationNameGenerator : Generating unique operation named: deleteUsingDELETE_1
19:08:49:514  INFO 58304 --- [main] .d.s.w.r.o.CachingOperationNameGenerator : Generating unique operation named: pageUsingGET_1
19:08:49:520  INFO 58304 --- [main] .d.s.w.r.o.CachingOperationNameGenerator : Generating unique operation named: pageUsingGET_2
19:08:49:585  INFO 58304 --- [main] .d.s.w.r.o.CachingOperationNameGenerator : Generating unique operation named: pageUsingGET_3
19:08:49:614  INFO 58304 --- [main] .d.s.w.r.o.CachingOperationNameGenerator : Generating unique operation named: deleteUsingDELETE_2
19:08:49:644  INFO 58304 --- [main] com.place.PlaceExplorerApplicationTests  : Started PlaceExplorerApplicationTests in 9.771 seconds (JVM running for 11.766)
19:13:19:469  INFO 57996 --- [main] com.place.PlaceExplorerApplicationTests  : Starting PlaceExplorerApplicationTests using Java 11.0.20 on ZCY_Laptop with PID 57996 (started by ZCY- in D:\Courses\Web\proj\place-explorer\place-service)
19:13:19:470 DEBUG 57996 --- [main] com.place.PlaceExplorerApplicationTests  : Running with Spring Boot v2.7.12, Spring v5.3.27
19:13:19:471  INFO 57996 --- [main] com.place.PlaceExplorerApplicationTests  : The following 1 profile is active: "dev"
19:13:20:627  INFO 57996 --- [main] trationDelegate$BeanPostProcessorChecker : Bean 'org.apache.shiro.spring.boot.autoconfigure.ShiroBeanAutoConfiguration' of type [org.apache.shiro.spring.boot.autoconfigure.ShiroBeanAutoConfiguration$$EnhancerBySpringCGLIB$$72bd40dd] is not eligible for getting processed by all BeanPostProcessors (for example: not eligible for auto-proxying)
19:13:20:682  INFO 57996 --- [main] trationDelegate$BeanPostProcessorChecker : Bean 'org.apache.shiro.spring.boot.autoconfigure.ShiroAnnotationProcessorAutoConfiguration' of type [org.apache.shiro.spring.boot.autoconfigure.ShiroAnnotationProcessorAutoConfiguration$$EnhancerBySpringCGLIB$$75507f82] is not eligible for getting processed by all BeanPostProcessors (for example: not eligible for auto-proxying)
19:13:20:713  INFO 57996 --- [main] trationDelegate$BeanPostProcessorChecker : Bean 'shiroConfig' of type [com.place.utils.shiro.ShiroConfig$$EnhancerBySpringCGLIB$$cd2e8697] is not eligible for getting processed by all BeanPostProcessors (for example: not eligible for auto-proxying)
19:13:20:758  INFO 57996 --- [main] trationDelegate$BeanPostProcessorChecker : Bean 'hashedCredentialsMatcher' of type [org.apache.shiro.authc.credential.HashedCredentialsMatcher] is not eligible for getting processed by all BeanPostProcessors (for example: not eligible for auto-proxying)
19:13:20:913  INFO 57996 --- [main] trationDelegate$BeanPostProcessorChecker : Bean 'mybatis-plus-com.baomidou.mybatisplus.autoconfigure.MybatisPlusProperties' of type [com.baomidou.mybatisplus.autoconfigure.MybatisPlusProperties] is not eligible for getting processed by all BeanPostProcessors (for example: not eligible for auto-proxying)
19:13:20:921  INFO 57996 --- [main] trationDelegate$BeanPostProcessorChecker : Bean 'com.place.common.config.MyBatisConfig' of type [com.place.common.config.MyBatisConfig$$EnhancerBySpringCGLIB$$7b59512a] is not eligible for getting processed by all BeanPostProcessors (for example: not eligible for auto-proxying)
19:13:20:932  INFO 57996 --- [main] trationDelegate$BeanPostProcessorChecker : Bean 'mybatisPlusInterceptor' of type [com.baomidou.mybatisplus.extension.plugins.MybatisPlusInterceptor] is not eligible for getting processed by all BeanPostProcessors (for example: not eligible for auto-proxying)
19:13:20:940  INFO 57996 --- [main] trationDelegate$BeanPostProcessorChecker : Bean 'com.baomidou.mybatisplus.autoconfigure.MybatisPlusAutoConfiguration' of type [com.baomidou.mybatisplus.autoconfigure.MybatisPlusAutoConfiguration$$EnhancerBySpringCGLIB$$9d6ccfc7] is not eligible for getting processed by all BeanPostProcessors (for example: not eligible for auto-proxying)
19:13:20:943  INFO 57996 --- [main] trationDelegate$BeanPostProcessorChecker : Bean 'org.springframework.boot.autoconfigure.jdbc.DataSourceConfiguration$Hikari' of type [org.springframework.boot.autoconfigure.jdbc.DataSourceConfiguration$Hikari] is not eligible for getting processed by all BeanPostProcessors (for example: not eligible for auto-proxying)
19:13:20:954  INFO 57996 --- [main] trationDelegate$BeanPostProcessorChecker : Bean 'spring.datasource-org.springframework.boot.autoconfigure.jdbc.DataSourceProperties' of type [org.springframework.boot.autoconfigure.jdbc.DataSourceProperties] is not eligible for getting processed by all BeanPostProcessors (for example: not eligible for auto-proxying)
19:13:20:984  INFO 57996 --- [main] trationDelegate$BeanPostProcessorChecker : Bean 'dataSource' of type [com.zaxxer.hikari.HikariDataSource] is not eligible for getting processed by all BeanPostProcessors (for example: not eligible for auto-proxying)
19:13:21:432  INFO 57996 --- [main] trationDelegate$BeanPostProcessorChecker : Bean 'sqlSessionFactory' of type [org.apache.ibatis.session.defaults.DefaultSqlSessionFactory] is not eligible for getting processed by all BeanPostProcessors (for example: not eligible for auto-proxying)
19:13:21:436  INFO 57996 --- [main] trationDelegate$BeanPostProcessorChecker : Bean 'org.springframework.boot.autoconfigure.sql.init.DataSourceInitializationConfiguration' of type [org.springframework.boot.autoconfigure.sql.init.DataSourceInitializationConfiguration] is not eligible for getting processed by all BeanPostProcessors (for example: not eligible for auto-proxying)
19:13:21:442  INFO 57996 --- [main] trationDelegate$BeanPostProcessorChecker : Bean 'spring.sql.init-org.springframework.boot.autoconfigure.sql.init.SqlInitializationProperties' of type [org.springframework.boot.autoconfigure.sql.init.SqlInitializationProperties] is not eligible for getting processed by all BeanPostProcessors (for example: not eligible for auto-proxying)
19:13:21:448  INFO 57996 --- [main] trationDelegate$BeanPostProcessorChecker : Bean 'dataSourceScriptDatabaseInitializer' of type [org.springframework.boot.autoconfigure.sql.init.SqlDataSourceScriptDatabaseInitializer] is not eligible for getting processed by all BeanPostProcessors (for example: not eligible for auto-proxying)
19:13:21:459  INFO 57996 --- [main] trationDelegate$BeanPostProcessorChecker : Bean 'sqlSessionTemplate' of type [org.mybatis.spring.SqlSessionTemplate] is not eligible for getting processed by all BeanPostProcessors (for example: not eligible for auto-proxying)
19:13:21:685  WARN 57996 --- [main] c.b.m.core.injector.AbstractMethod       : [com.place.mapper.UserMapper.delete] Has been loaded by XML or SqlProvider or Mybatis's Annotation, so ignoring this injection for [class com.baomidou.mybatisplus.core.injector.methods.Delete]
19:13:21:726  INFO 57996 --- [main] trationDelegate$BeanPostProcessorChecker : Bean 'userMapper' of type [org.mybatis.spring.mapper.MapperFactoryBean] is not eligible for getting processed by all BeanPostProcessors (for example: not eligible for auto-proxying)
19:13:21:731  INFO 57996 --- [main] trationDelegate$BeanPostProcessorChecker : Bean 'userMapper' of type [com.sun.proxy.$Proxy94] is not eligible for getting processed by all BeanPostProcessors (for example: not eligible for auto-proxying)
19:13:21:745  INFO 57996 --- [main] trationDelegate$BeanPostProcessorChecker : Bean 'userServiceImpl' of type [com.place.service.impl.UserServiceImpl] is not eligible for getting processed by all BeanPostProcessors (for example: not eligible for auto-proxying)
19:13:21:779  INFO 57996 --- [main] trationDelegate$BeanPostProcessorChecker : Bean 'myRealm' of type [com.place.utils.shiro.MyRealm] is not eligible for getting processed by all BeanPostProcessors (for example: not eligible for auto-proxying)
19:13:22:088  INFO 57996 --- [main] trationDelegate$BeanPostProcessorChecker : Bean 'manager' of type [org.apache.shiro.web.mgt.DefaultWebSecurityManager] is not eligible for getting processed by all BeanPostProcessors (for example: not eligible for auto-proxying)
19:13:22:108  INFO 57996 --- [main] trationDelegate$BeanPostProcessorChecker : Bean 'authorizationAttributeSourceAdvisor' of type [org.apache.shiro.spring.security.interceptor.AuthorizationAttributeSourceAdvisor] is not eligible for getting processed by all BeanPostProcessors (for example: not eligible for auto-proxying)
19:13:22:119  INFO 57996 --- [main] trationDelegate$BeanPostProcessorChecker : Bean 'eventBus' of type [org.apache.shiro.event.support.DefaultEventBus] is not eligible for getting processed by all BeanPostProcessors (for example: not eligible for auto-proxying)
19:13:23:222  INFO 57996 --- [main] pertySourcedRequestMappingHandlerMapping : Mapped URL path [/v2/api-docs] onto method [springfox.documentation.swagger2.web.Swagger2ControllerWebMvc#getDocumentation(String, HttpServletRequest)]
19:13:23:440  INFO 57996 --- [main] d.s.w.p.DocumentationPluginsBootstrapper : Documentation plugins bootstrapped
19:13:23:443  INFO 57996 --- [main] d.s.w.p.DocumentationPluginsBootstrapper : Found 1 custom documentation plugin(s)
19:13:23:473  INFO 57996 --- [main] s.d.s.w.s.ApiListingReferenceScanner     : Scanning for api listing references
19:13:23:602  INFO 57996 --- [main] .d.s.w.r.o.CachingOperationNameGenerator : Generating unique operation named: editUsingPOST_1
19:13:23:603  INFO 57996 --- [main] .d.s.w.r.o.CachingOperationNameGenerator : Generating unique operation named: addUsingPOST_1
19:13:23:607  INFO 57996 --- [main] .d.s.w.r.o.CachingOperationNameGenerator : Generating unique operation named: deleteUsingDELETE_1
19:13:23:611  INFO 57996 --- [main] .d.s.w.r.o.CachingOperationNameGenerator : Generating unique operation named: pageUsingGET_1
19:13:23:614  INFO 57996 --- [main] .d.s.w.r.o.CachingOperationNameGenerator : Generating unique operation named: pageUsingGET_2
19:13:23:641  INFO 57996 --- [main] .d.s.w.r.o.CachingOperationNameGenerator : Generating unique operation named: pageUsingGET_3
19:13:23:658  INFO 57996 --- [main] .d.s.w.r.o.CachingOperationNameGenerator : Generating unique operation named: deleteUsingDELETE_2
19:13:23:677  INFO 57996 --- [main] com.place.PlaceExplorerApplicationTests  : Started PlaceExplorerApplicationTests in 4.592 seconds (JVM running for 5.48)
19:14:59:481  INFO 57996 --- [main] com.place.PlaceExplorerApplicationTests  : Starting PlaceExplorerApplicationTests using Java 11.0.20 on ZCY_Laptop with PID 57996 (started by ZCY- in D:\Courses\Web\proj\place-explorer\place-service)
19:14:59:482 DEBUG 57996 --- [main] com.place.PlaceExplorerApplicationTests  : Running with Spring Boot v2.7.12, Spring v5.3.27
19:14:59:483  INFO 57996 --- [main] com.place.PlaceExplorerApplicationTests  : The following 1 profile is active: "dev"
19:15:00:490  INFO 57996 --- [main] trationDelegate$BeanPostProcessorChecker : Bean 'org.apache.shiro.spring.boot.autoconfigure.ShiroBeanAutoConfiguration' of type [org.apache.shiro.spring.boot.autoconfigure.ShiroBeanAutoConfiguration$$EnhancerBySpringCGLIB$$72bd40dd] is not eligible for getting processed by all BeanPostProcessors (for example: not eligible for auto-proxying)
19:15:00:543  INFO 57996 --- [main] trationDelegate$BeanPostProcessorChecker : Bean 'org.apache.shiro.spring.boot.autoconfigure.ShiroAnnotationProcessorAutoConfiguration' of type [org.apache.shiro.spring.boot.autoconfigure.ShiroAnnotationProcessorAutoConfiguration$$EnhancerBySpringCGLIB$$75507f82] is not eligible for getting processed by all BeanPostProcessors (for example: not eligible for auto-proxying)
19:15:00:572  INFO 57996 --- [main] trationDelegate$BeanPostProcessorChecker : Bean 'shiroConfig' of type [com.place.utils.shiro.ShiroConfig$$EnhancerBySpringCGLIB$$cd2e8697] is not eligible for getting processed by all BeanPostProcessors (for example: not eligible for auto-proxying)
19:15:00:620  INFO 57996 --- [main] trationDelegate$BeanPostProcessorChecker : Bean 'hashedCredentialsMatcher' of type [org.apache.shiro.authc.credential.HashedCredentialsMatcher] is not eligible for getting processed by all BeanPostProcessors (for example: not eligible for auto-proxying)
19:15:00:768  INFO 57996 --- [main] trationDelegate$BeanPostProcessorChecker : Bean 'mybatis-plus-com.baomidou.mybatisplus.autoconfigure.MybatisPlusProperties' of type [com.baomidou.mybatisplus.autoconfigure.MybatisPlusProperties] is not eligible for getting processed by all BeanPostProcessors (for example: not eligible for auto-proxying)
19:15:00:775  INFO 57996 --- [main] trationDelegate$BeanPostProcessorChecker : Bean 'com.place.common.config.MyBatisConfig' of type [com.place.common.config.MyBatisConfig$$EnhancerBySpringCGLIB$$7b59512a] is not eligible for getting processed by all BeanPostProcessors (for example: not eligible for auto-proxying)
19:15:00:783  INFO 57996 --- [main] trationDelegate$BeanPostProcessorChecker : Bean 'mybatisPlusInterceptor' of type [com.baomidou.mybatisplus.extension.plugins.MybatisPlusInterceptor] is not eligible for getting processed by all BeanPostProcessors (for example: not eligible for auto-proxying)
19:15:00:791  INFO 57996 --- [main] trationDelegate$BeanPostProcessorChecker : Bean 'com.baomidou.mybatisplus.autoconfigure.MybatisPlusAutoConfiguration' of type [com.baomidou.mybatisplus.autoconfigure.MybatisPlusAutoConfiguration$$EnhancerBySpringCGLIB$$9d6ccfc7] is not eligible for getting processed by all BeanPostProcessors (for example: not eligible for auto-proxying)
19:15:00:794  INFO 57996 --- [main] trationDelegate$BeanPostProcessorChecker : Bean 'org.springframework.boot.autoconfigure.jdbc.DataSourceConfiguration$Hikari' of type [org.springframework.boot.autoconfigure.jdbc.DataSourceConfiguration$Hikari] is not eligible for getting processed by all BeanPostProcessors (for example: not eligible for auto-proxying)
19:15:00:803  INFO 57996 --- [main] trationDelegate$BeanPostProcessorChecker : Bean 'spring.datasource-org.springframework.boot.autoconfigure.jdbc.DataSourceProperties' of type [org.springframework.boot.autoconfigure.jdbc.DataSourceProperties] is not eligible for getting processed by all BeanPostProcessors (for example: not eligible for auto-proxying)
19:15:00:829  INFO 57996 --- [main] trationDelegate$BeanPostProcessorChecker : Bean 'dataSource' of type [com.zaxxer.hikari.HikariDataSource] is not eligible for getting processed by all BeanPostProcessors (for example: not eligible for auto-proxying)
19:15:01:292  INFO 57996 --- [main] trationDelegate$BeanPostProcessorChecker : Bean 'sqlSessionFactory' of type [org.apache.ibatis.session.defaults.DefaultSqlSessionFactory] is not eligible for getting processed by all BeanPostProcessors (for example: not eligible for auto-proxying)
19:15:01:296  INFO 57996 --- [main] trationDelegate$BeanPostProcessorChecker : Bean 'org.springframework.boot.autoconfigure.sql.init.DataSourceInitializationConfiguration' of type [org.springframework.boot.autoconfigure.sql.init.DataSourceInitializationConfiguration] is not eligible for getting processed by all BeanPostProcessors (for example: not eligible for auto-proxying)
19:15:01:299  INFO 57996 --- [main] trationDelegate$BeanPostProcessorChecker : Bean 'spring.sql.init-org.springframework.boot.autoconfigure.sql.init.SqlInitializationProperties' of type [org.springframework.boot.autoconfigure.sql.init.SqlInitializationProperties] is not eligible for getting processed by all BeanPostProcessors (for example: not eligible for auto-proxying)
19:15:01:307  INFO 57996 --- [main] trationDelegate$BeanPostProcessorChecker : Bean 'dataSourceScriptDatabaseInitializer' of type [org.springframework.boot.autoconfigure.sql.init.SqlDataSourceScriptDatabaseInitializer] is not eligible for getting processed by all BeanPostProcessors (for example: not eligible for auto-proxying)
19:15:01:318  INFO 57996 --- [main] trationDelegate$BeanPostProcessorChecker : Bean 'sqlSessionTemplate' of type [org.mybatis.spring.SqlSessionTemplate] is not eligible for getting processed by all BeanPostProcessors (for example: not eligible for auto-proxying)
19:15:01:482  WARN 57996 --- [main] c.b.m.core.injector.AbstractMethod       : [com.place.mapper.UserMapper.delete] Has been loaded by XML or SqlProvider or Mybatis's Annotation, so ignoring this injection for [class com.baomidou.mybatisplus.core.injector.methods.Delete]
19:15:01:508  INFO 57996 --- [main] trationDelegate$BeanPostProcessorChecker : Bean 'userMapper' of type [org.mybatis.spring.mapper.MapperFactoryBean] is not eligible for getting processed by all BeanPostProcessors (for example: not eligible for auto-proxying)
19:15:01:513  INFO 57996 --- [main] trationDelegate$BeanPostProcessorChecker : Bean 'userMapper' of type [com.sun.proxy.$Proxy94] is not eligible for getting processed by all BeanPostProcessors (for example: not eligible for auto-proxying)
19:15:01:520  INFO 57996 --- [main] trationDelegate$BeanPostProcessorChecker : Bean 'userServiceImpl' of type [com.place.service.impl.UserServiceImpl] is not eligible for getting processed by all BeanPostProcessors (for example: not eligible for auto-proxying)
19:15:01:541  INFO 57996 --- [main] trationDelegate$BeanPostProcessorChecker : Bean 'myRealm' of type [com.place.utils.shiro.MyRealm] is not eligible for getting processed by all BeanPostProcessors (for example: not eligible for auto-proxying)
19:15:01:885  INFO 57996 --- [main] trationDelegate$BeanPostProcessorChecker : Bean 'manager' of type [org.apache.shiro.web.mgt.DefaultWebSecurityManager] is not eligible for getting processed by all BeanPostProcessors (for example: not eligible for auto-proxying)
19:15:01:900  INFO 57996 --- [main] trationDelegate$BeanPostProcessorChecker : Bean 'authorizationAttributeSourceAdvisor' of type [org.apache.shiro.spring.security.interceptor.AuthorizationAttributeSourceAdvisor] is not eligible for getting processed by all BeanPostProcessors (for example: not eligible for auto-proxying)
19:15:01:910  INFO 57996 --- [main] trationDelegate$BeanPostProcessorChecker : Bean 'eventBus' of type [org.apache.shiro.event.support.DefaultEventBus] is not eligible for getting processed by all BeanPostProcessors (for example: not eligible for auto-proxying)
19:15:02:913  INFO 57996 --- [main] pertySourcedRequestMappingHandlerMapping : Mapped URL path [/v2/api-docs] onto method [springfox.documentation.swagger2.web.Swagger2ControllerWebMvc#getDocumentation(String, HttpServletRequest)]
19:15:03:095  INFO 57996 --- [main] d.s.w.p.DocumentationPluginsBootstrapper : Documentation plugins bootstrapped
19:15:03:096  INFO 57996 --- [main] d.s.w.p.DocumentationPluginsBootstrapper : Found 1 custom documentation plugin(s)
19:15:03:126  INFO 57996 --- [main] s.d.s.w.s.ApiListingReferenceScanner     : Scanning for api listing references
19:15:03:236  INFO 57996 --- [main] .d.s.w.r.o.CachingOperationNameGenerator : Generating unique operation named: editUsingPOST_1
19:15:03:238  INFO 57996 --- [main] .d.s.w.r.o.CachingOperationNameGenerator : Generating unique operation named: addUsingPOST_1
19:15:03:240  INFO 57996 --- [main] .d.s.w.r.o.CachingOperationNameGenerator : Generating unique operation named: deleteUsingDELETE_1
19:15:03:243  INFO 57996 --- [main] .d.s.w.r.o.CachingOperationNameGenerator : Generating unique operation named: pageUsingGET_1
19:15:03:244  INFO 57996 --- [main] .d.s.w.r.o.CachingOperationNameGenerator : Generating unique operation named: pageUsingGET_2
19:15:03:279  INFO 57996 --- [main] .d.s.w.r.o.CachingOperationNameGenerator : Generating unique operation named: pageUsingGET_3
19:15:03:294  INFO 57996 --- [main] .d.s.w.r.o.CachingOperationNameGenerator : Generating unique operation named: deleteUsingDELETE_2
19:15:03:312  INFO 57996 --- [main] com.place.PlaceExplorerApplicationTests  : Started PlaceExplorerApplicationTests in 4.185 seconds (JVM running for 4.915)
19:15:53:630  INFO 56456 --- [main] com.place.PlaceExplorerApplicationTests  : Starting PlaceExplorerApplicationTests using Java 11.0.20 on ZCY_Laptop with PID 56456 (started by ZCY- in D:\Courses\Web\proj\place-explorer\place-service)
19:15:53:631 DEBUG 56456 --- [main] com.place.PlaceExplorerApplicationTests  : Running with Spring Boot v2.7.12, Spring v5.3.27
19:15:53:631  INFO 56456 --- [main] com.place.PlaceExplorerApplicationTests  : The following 1 profile is active: "dev"
19:15:54:534  INFO 56456 --- [main] trationDelegate$BeanPostProcessorChecker : Bean 'org.apache.shiro.spring.boot.autoconfigure.ShiroBeanAutoConfiguration' of type [org.apache.shiro.spring.boot.autoconfigure.ShiroBeanAutoConfiguration$$EnhancerBySpringCGLIB$$aa677e74] is not eligible for getting processed by all BeanPostProcessors (for example: not eligible for auto-proxying)
19:15:54:584  INFO 56456 --- [main] trationDelegate$BeanPostProcessorChecker : Bean 'org.apache.shiro.spring.boot.autoconfigure.ShiroAnnotationProcessorAutoConfiguration' of type [org.apache.shiro.spring.boot.autoconfigure.ShiroAnnotationProcessorAutoConfiguration$$EnhancerBySpringCGLIB$$acfabd19] is not eligible for getting processed by all BeanPostProcessors (for example: not eligible for auto-proxying)
19:15:54:628  INFO 56456 --- [main] trationDelegate$BeanPostProcessorChecker : Bean 'shiroConfig' of type [com.place.utils.shiro.ShiroConfig$$EnhancerBySpringCGLIB$$4d8c42e] is not eligible for getting processed by all BeanPostProcessors (for example: not eligible for auto-proxying)
19:15:54:673  INFO 56456 --- [main] trationDelegate$BeanPostProcessorChecker : Bean 'hashedCredentialsMatcher' of type [org.apache.shiro.authc.credential.HashedCredentialsMatcher] is not eligible for getting processed by all BeanPostProcessors (for example: not eligible for auto-proxying)
19:15:54:808  INFO 56456 --- [main] trationDelegate$BeanPostProcessorChecker : Bean 'mybatis-plus-com.baomidou.mybatisplus.autoconfigure.MybatisPlusProperties' of type [com.baomidou.mybatisplus.autoconfigure.MybatisPlusProperties] is not eligible for getting processed by all BeanPostProcessors (for example: not eligible for auto-proxying)
19:15:54:819  INFO 56456 --- [main] trationDelegate$BeanPostProcessorChecker : Bean 'com.place.common.config.MyBatisConfig' of type [com.place.common.config.MyBatisConfig$$EnhancerBySpringCGLIB$$b3038ec1] is not eligible for getting processed by all BeanPostProcessors (for example: not eligible for auto-proxying)
19:15:54:832  INFO 56456 --- [main] trationDelegate$BeanPostProcessorChecker : Bean 'mybatisPlusInterceptor' of type [com.baomidou.mybatisplus.extension.plugins.MybatisPlusInterceptor] is not eligible for getting processed by all BeanPostProcessors (for example: not eligible for auto-proxying)
19:15:54:841  INFO 56456 --- [main] trationDelegate$BeanPostProcessorChecker : Bean 'com.baomidou.mybatisplus.autoconfigure.MybatisPlusAutoConfiguration' of type [com.baomidou.mybatisplus.autoconfigure.MybatisPlusAutoConfiguration$$EnhancerBySpringCGLIB$$d5170d5e] is not eligible for getting processed by all BeanPostProcessors (for example: not eligible for auto-proxying)
19:15:54:845  INFO 56456 --- [main] trationDelegate$BeanPostProcessorChecker : Bean 'org.springframework.boot.autoconfigure.jdbc.DataSourceConfiguration$Hikari' of type [org.springframework.boot.autoconfigure.jdbc.DataSourceConfiguration$Hikari] is not eligible for getting processed by all BeanPostProcessors (for example: not eligible for auto-proxying)
19:15:54:857  INFO 56456 --- [main] trationDelegate$BeanPostProcessorChecker : Bean 'spring.datasource-org.springframework.boot.autoconfigure.jdbc.DataSourceProperties' of type [org.springframework.boot.autoconfigure.jdbc.DataSourceProperties] is not eligible for getting processed by all BeanPostProcessors (for example: not eligible for auto-proxying)
19:15:54:888  INFO 56456 --- [main] trationDelegate$BeanPostProcessorChecker : Bean 'dataSource' of type [com.zaxxer.hikari.HikariDataSource] is not eligible for getting processed by all BeanPostProcessors (for example: not eligible for auto-proxying)
19:15:55:339  INFO 56456 --- [main] trationDelegate$BeanPostProcessorChecker : Bean 'sqlSessionFactory' of type [org.apache.ibatis.session.defaults.DefaultSqlSessionFactory] is not eligible for getting processed by all BeanPostProcessors (for example: not eligible for auto-proxying)
19:15:55:341  INFO 56456 --- [main] trationDelegate$BeanPostProcessorChecker : Bean 'org.springframework.boot.autoconfigure.sql.init.DataSourceInitializationConfiguration' of type [org.springframework.boot.autoconfigure.sql.init.DataSourceInitializationConfiguration] is not eligible for getting processed by all BeanPostProcessors (for example: not eligible for auto-proxying)
19:15:55:344  INFO 56456 --- [main] trationDelegate$BeanPostProcessorChecker : Bean 'spring.sql.init-org.springframework.boot.autoconfigure.sql.init.SqlInitializationProperties' of type [org.springframework.boot.autoconfigure.sql.init.SqlInitializationProperties] is not eligible for getting processed by all BeanPostProcessors (for example: not eligible for auto-proxying)
19:15:55:348  INFO 56456 --- [main] trationDelegate$BeanPostProcessorChecker : Bean 'dataSourceScriptDatabaseInitializer' of type [org.springframework.boot.autoconfigure.sql.init.SqlDataSourceScriptDatabaseInitializer] is not eligible for getting processed by all BeanPostProcessors (for example: not eligible for auto-proxying)
19:15:55:359  INFO 56456 --- [main] trationDelegate$BeanPostProcessorChecker : Bean 'sqlSessionTemplate' of type [org.mybatis.spring.SqlSessionTemplate] is not eligible for getting processed by all BeanPostProcessors (for example: not eligible for auto-proxying)
19:15:55:484  WARN 56456 --- [main] c.b.m.core.injector.AbstractMethod       : [com.place.mapper.UserMapper.delete] Has been loaded by XML or SqlProvider or Mybatis's Annotation, so ignoring this injection for [class com.baomidou.mybatisplus.core.injector.methods.Delete]
19:15:55:514  INFO 56456 --- [main] trationDelegate$BeanPostProcessorChecker : Bean 'userMapper' of type [org.mybatis.spring.mapper.MapperFactoryBean] is not eligible for getting processed by all BeanPostProcessors (for example: not eligible for auto-proxying)
19:15:55:518  INFO 56456 --- [main] trationDelegate$BeanPostProcessorChecker : Bean 'userMapper' of type [com.sun.proxy.$Proxy94] is not eligible for getting processed by all BeanPostProcessors (for example: not eligible for auto-proxying)
19:15:55:524  INFO 56456 --- [main] trationDelegate$BeanPostProcessorChecker : Bean 'userServiceImpl' of type [com.place.service.impl.UserServiceImpl] is not eligible for getting processed by all BeanPostProcessors (for example: not eligible for auto-proxying)
19:15:55:548  INFO 56456 --- [main] trationDelegate$BeanPostProcessorChecker : Bean 'myRealm' of type [com.place.utils.shiro.MyRealm] is not eligible for getting processed by all BeanPostProcessors (for example: not eligible for auto-proxying)
19:15:55:855  INFO 56456 --- [main] trationDelegate$BeanPostProcessorChecker : Bean 'manager' of type [org.apache.shiro.web.mgt.DefaultWebSecurityManager] is not eligible for getting processed by all BeanPostProcessors (for example: not eligible for auto-proxying)
19:15:55:873  INFO 56456 --- [main] trationDelegate$BeanPostProcessorChecker : Bean 'authorizationAttributeSourceAdvisor' of type [org.apache.shiro.spring.security.interceptor.AuthorizationAttributeSourceAdvisor] is not eligible for getting processed by all BeanPostProcessors (for example: not eligible for auto-proxying)
19:15:55:890  INFO 56456 --- [main] trationDelegate$BeanPostProcessorChecker : Bean 'eventBus' of type [org.apache.shiro.event.support.DefaultEventBus] is not eligible for getting processed by all BeanPostProcessors (for example: not eligible for auto-proxying)
19:15:57:007  INFO 56456 --- [main] pertySourcedRequestMappingHandlerMapping : Mapped URL path [/v2/api-docs] onto method [springfox.documentation.swagger2.web.Swagger2ControllerWebMvc#getDocumentation(String, HttpServletRequest)]
19:15:57:195  INFO 56456 --- [main] d.s.w.p.DocumentationPluginsBootstrapper : Documentation plugins bootstrapped
19:15:57:197  INFO 56456 --- [main] d.s.w.p.DocumentationPluginsBootstrapper : Found 1 custom documentation plugin(s)
19:15:57:239  INFO 56456 --- [main] s.d.s.w.s.ApiListingReferenceScanner     : Scanning for api listing references
19:15:57:372  INFO 56456 --- [main] .d.s.w.r.o.CachingOperationNameGenerator : Generating unique operation named: editUsingPOST_1
19:15:57:374  INFO 56456 --- [main] .d.s.w.r.o.CachingOperationNameGenerator : Generating unique operation named: addUsingPOST_1
19:15:57:378  INFO 56456 --- [main] .d.s.w.r.o.CachingOperationNameGenerator : Generating unique operation named: deleteUsingDELETE_1
19:15:57:380  INFO 56456 --- [main] .d.s.w.r.o.CachingOperationNameGenerator : Generating unique operation named: pageUsingGET_1
19:15:57:382  INFO 56456 --- [main] .d.s.w.r.o.CachingOperationNameGenerator : Generating unique operation named: pageUsingGET_2
19:15:57:416  INFO 56456 --- [main] .d.s.w.r.o.CachingOperationNameGenerator : Generating unique operation named: pageUsingGET_3
19:15:57:441  INFO 56456 --- [main] .d.s.w.r.o.CachingOperationNameGenerator : Generating unique operation named: deleteUsingDELETE_2
19:15:57:460  INFO 56456 --- [main] com.place.PlaceExplorerApplicationTests  : Started PlaceExplorerApplicationTests in 4.185 seconds (JVM running for 4.869)
19:18:56:235  INFO 45820 --- [main] com.place.PlaceExplorerApplicationTests  : Starting PlaceExplorerApplicationTests using Java 11.0.20 on ZCY_Laptop with PID 45820 (started by ZCY- in D:\Courses\Web\proj\place-explorer\place-service)
19:18:56:237 DEBUG 45820 --- [main] com.place.PlaceExplorerApplicationTests  : Running with Spring Boot v2.7.12, Spring v5.3.27
19:18:56:238  INFO 45820 --- [main] com.place.PlaceExplorerApplicationTests  : The following 1 profile is active: "dev"
19:18:57:141  INFO 45820 --- [main] trationDelegate$BeanPostProcessorChecker : Bean 'org.apache.shiro.spring.boot.autoconfigure.ShiroBeanAutoConfiguration' of type [org.apache.shiro.spring.boot.autoconfigure.ShiroBeanAutoConfiguration$$EnhancerBySpringCGLIB$$72bd40dd] is not eligible for getting processed by all BeanPostProcessors (for example: not eligible for auto-proxying)
19:18:57:192  INFO 45820 --- [main] trationDelegate$BeanPostProcessorChecker : Bean 'org.apache.shiro.spring.boot.autoconfigure.ShiroAnnotationProcessorAutoConfiguration' of type [org.apache.shiro.spring.boot.autoconfigure.ShiroAnnotationProcessorAutoConfiguration$$EnhancerBySpringCGLIB$$75507f82] is not eligible for getting processed by all BeanPostProcessors (for example: not eligible for auto-proxying)
19:18:57:227  INFO 45820 --- [main] trationDelegate$BeanPostProcessorChecker : Bean 'shiroConfig' of type [com.place.utils.shiro.ShiroConfig$$EnhancerBySpringCGLIB$$cd2e8697] is not eligible for getting processed by all BeanPostProcessors (for example: not eligible for auto-proxying)
19:18:57:278  INFO 45820 --- [main] trationDelegate$BeanPostProcessorChecker : Bean 'hashedCredentialsMatcher' of type [org.apache.shiro.authc.credential.HashedCredentialsMatcher] is not eligible for getting processed by all BeanPostProcessors (for example: not eligible for auto-proxying)
19:18:57:409  INFO 45820 --- [main] trationDelegate$BeanPostProcessorChecker : Bean 'mybatis-plus-com.baomidou.mybatisplus.autoconfigure.MybatisPlusProperties' of type [com.baomidou.mybatisplus.autoconfigure.MybatisPlusProperties] is not eligible for getting processed by all BeanPostProcessors (for example: not eligible for auto-proxying)
19:18:57:418  INFO 45820 --- [main] trationDelegate$BeanPostProcessorChecker : Bean 'com.place.common.config.MyBatisConfig' of type [com.place.common.config.MyBatisConfig$$EnhancerBySpringCGLIB$$7b59512a] is not eligible for getting processed by all BeanPostProcessors (for example: not eligible for auto-proxying)
19:18:57:433  INFO 45820 --- [main] trationDelegate$BeanPostProcessorChecker : Bean 'mybatisPlusInterceptor' of type [com.baomidou.mybatisplus.extension.plugins.MybatisPlusInterceptor] is not eligible for getting processed by all BeanPostProcessors (for example: not eligible for auto-proxying)
19:18:57:445  INFO 45820 --- [main] trationDelegate$BeanPostProcessorChecker : Bean 'com.baomidou.mybatisplus.autoconfigure.MybatisPlusAutoConfiguration' of type [com.baomidou.mybatisplus.autoconfigure.MybatisPlusAutoConfiguration$$EnhancerBySpringCGLIB$$9d6ccfc7] is not eligible for getting processed by all BeanPostProcessors (for example: not eligible for auto-proxying)
19:18:57:450  INFO 45820 --- [main] trationDelegate$BeanPostProcessorChecker : Bean 'org.springframework.boot.autoconfigure.jdbc.DataSourceConfiguration$Hikari' of type [org.springframework.boot.autoconfigure.jdbc.DataSourceConfiguration$Hikari] is not eligible for getting processed by all BeanPostProcessors (for example: not eligible for auto-proxying)
19:18:57:461  INFO 45820 --- [main] trationDelegate$BeanPostProcessorChecker : Bean 'spring.datasource-org.springframework.boot.autoconfigure.jdbc.DataSourceProperties' of type [org.springframework.boot.autoconfigure.jdbc.DataSourceProperties] is not eligible for getting processed by all BeanPostProcessors (for example: not eligible for auto-proxying)
19:18:57:497  INFO 45820 --- [main] trationDelegate$BeanPostProcessorChecker : Bean 'dataSource' of type [com.zaxxer.hikari.HikariDataSource] is not eligible for getting processed by all BeanPostProcessors (for example: not eligible for auto-proxying)
19:18:58:022  INFO 45820 --- [main] trationDelegate$BeanPostProcessorChecker : Bean 'sqlSessionFactory' of type [org.apache.ibatis.session.defaults.DefaultSqlSessionFactory] is not eligible for getting processed by all BeanPostProcessors (for example: not eligible for auto-proxying)
19:18:58:027  INFO 45820 --- [main] trationDelegate$BeanPostProcessorChecker : Bean 'org.springframework.boot.autoconfigure.sql.init.DataSourceInitializationConfiguration' of type [org.springframework.boot.autoconfigure.sql.init.DataSourceInitializationConfiguration] is not eligible for getting processed by all BeanPostProcessors (for example: not eligible for auto-proxying)
19:18:58:033  INFO 45820 --- [main] trationDelegate$BeanPostProcessorChecker : Bean 'spring.sql.init-org.springframework.boot.autoconfigure.sql.init.SqlInitializationProperties' of type [org.springframework.boot.autoconfigure.sql.init.SqlInitializationProperties] is not eligible for getting processed by all BeanPostProcessors (for example: not eligible for auto-proxying)
19:18:58:039  INFO 45820 --- [main] trationDelegate$BeanPostProcessorChecker : Bean 'dataSourceScriptDatabaseInitializer' of type [org.springframework.boot.autoconfigure.sql.init.SqlDataSourceScriptDatabaseInitializer] is not eligible for getting processed by all BeanPostProcessors (for example: not eligible for auto-proxying)
19:18:58:052  INFO 45820 --- [main] trationDelegate$BeanPostProcessorChecker : Bean 'sqlSessionTemplate' of type [org.mybatis.spring.SqlSessionTemplate] is not eligible for getting processed by all BeanPostProcessors (for example: not eligible for auto-proxying)
19:18:58:186  WARN 45820 --- [main] c.b.m.core.injector.AbstractMethod       : [com.place.mapper.UserMapper.delete] Has been loaded by XML or SqlProvider or Mybatis's Annotation, so ignoring this injection for [class com.baomidou.mybatisplus.core.injector.methods.Delete]
19:18:58:218  INFO 45820 --- [main] trationDelegate$BeanPostProcessorChecker : Bean 'userMapper' of type [org.mybatis.spring.mapper.MapperFactoryBean] is not eligible for getting processed by all BeanPostProcessors (for example: not eligible for auto-proxying)
19:18:58:222  INFO 45820 --- [main] trationDelegate$BeanPostProcessorChecker : Bean 'userMapper' of type [com.sun.proxy.$Proxy94] is not eligible for getting processed by all BeanPostProcessors (for example: not eligible for auto-proxying)
19:18:58:229  INFO 45820 --- [main] trationDelegate$BeanPostProcessorChecker : Bean 'userServiceImpl' of type [com.place.service.impl.UserServiceImpl] is not eligible for getting processed by all BeanPostProcessors (for example: not eligible for auto-proxying)
19:18:58:257  INFO 45820 --- [main] trationDelegate$BeanPostProcessorChecker : Bean 'myRealm' of type [com.place.utils.shiro.MyRealm] is not eligible for getting processed by all BeanPostProcessors (for example: not eligible for auto-proxying)
19:18:58:607  INFO 45820 --- [main] trationDelegate$BeanPostProcessorChecker : Bean 'manager' of type [org.apache.shiro.web.mgt.DefaultWebSecurityManager] is not eligible for getting processed by all BeanPostProcessors (for example: not eligible for auto-proxying)
19:18:58:629  INFO 45820 --- [main] trationDelegate$BeanPostProcessorChecker : Bean 'authorizationAttributeSourceAdvisor' of type [org.apache.shiro.spring.security.interceptor.AuthorizationAttributeSourceAdvisor] is not eligible for getting processed by all BeanPostProcessors (for example: not eligible for auto-proxying)
19:18:58:640  INFO 45820 --- [main] trationDelegate$BeanPostProcessorChecker : Bean 'eventBus' of type [org.apache.shiro.event.support.DefaultEventBus] is not eligible for getting processed by all BeanPostProcessors (for example: not eligible for auto-proxying)
19:19:00:217  INFO 45820 --- [main] pertySourcedRequestMappingHandlerMapping : Mapped URL path [/v2/api-docs] onto method [springfox.documentation.swagger2.web.Swagger2ControllerWebMvc#getDocumentation(String, HttpServletRequest)]
19:19:00:501  INFO 45820 --- [main] d.s.w.p.DocumentationPluginsBootstrapper : Documentation plugins bootstrapped
19:19:00:505  INFO 45820 --- [main] d.s.w.p.DocumentationPluginsBootstrapper : Found 1 custom documentation plugin(s)
19:19:00:540  INFO 45820 --- [main] s.d.s.w.s.ApiListingReferenceScanner     : Scanning for api listing references
19:19:00:670  INFO 45820 --- [main] .d.s.w.r.o.CachingOperationNameGenerator : Generating unique operation named: editUsingPOST_1
19:19:00:672  INFO 45820 --- [main] .d.s.w.r.o.CachingOperationNameGenerator : Generating unique operation named: addUsingPOST_1
19:19:00:675  INFO 45820 --- [main] .d.s.w.r.o.CachingOperationNameGenerator : Generating unique operation named: deleteUsingDELETE_1
19:19:00:679  INFO 45820 --- [main] .d.s.w.r.o.CachingOperationNameGenerator : Generating unique operation named: pageUsingGET_1
19:19:00:683  INFO 45820 --- [main] .d.s.w.r.o.CachingOperationNameGenerator : Generating unique operation named: pageUsingGET_2
19:19:00:716  INFO 45820 --- [main] .d.s.w.r.o.CachingOperationNameGenerator : Generating unique operation named: pageUsingGET_3
19:19:00:737  INFO 45820 --- [main] .d.s.w.r.o.CachingOperationNameGenerator : Generating unique operation named: deleteUsingDELETE_2
19:19:00:753  INFO 45820 --- [main] com.place.PlaceExplorerApplicationTests  : Started PlaceExplorerApplicationTests in 4.784 seconds (JVM running for 5.529)
19:19:16:741  INFO 50148 --- [main] com.place.PlaceExplorerApplicationTests  : Starting PlaceExplorerApplicationTests using Java 11.0.20 on ZCY_Laptop with PID 50148 (started by ZCY- in D:\Courses\Web\proj\place-explorer\place-service)
19:19:16:742 DEBUG 50148 --- [main] com.place.PlaceExplorerApplicationTests  : Running with Spring Boot v2.7.12, Spring v5.3.27
19:19:16:742  INFO 50148 --- [main] com.place.PlaceExplorerApplicationTests  : The following 1 profile is active: "dev"
19:19:17:725  INFO 50148 --- [main] trationDelegate$BeanPostProcessorChecker : Bean 'org.apache.shiro.spring.boot.autoconfigure.ShiroBeanAutoConfiguration' of type [org.apache.shiro.spring.boot.autoconfigure.ShiroBeanAutoConfiguration$$EnhancerBySpringCGLIB$$75438662] is not eligible for getting processed by all BeanPostProcessors (for example: not eligible for auto-proxying)
19:19:17:773  INFO 50148 --- [main] trationDelegate$BeanPostProcessorChecker : Bean 'org.apache.shiro.spring.boot.autoconfigure.ShiroAnnotationProcessorAutoConfiguration' of type [org.apache.shiro.spring.boot.autoconfigure.ShiroAnnotationProcessorAutoConfiguration$$EnhancerBySpringCGLIB$$77d6c507] is not eligible for getting processed by all BeanPostProcessors (for example: not eligible for auto-proxying)
19:19:17:808  INFO 50148 --- [main] trationDelegate$BeanPostProcessorChecker : Bean 'shiroConfig' of type [com.place.utils.shiro.ShiroConfig$$EnhancerBySpringCGLIB$$cfb4cc1c] is not eligible for getting processed by all BeanPostProcessors (for example: not eligible for auto-proxying)
19:19:17:848  INFO 50148 --- [main] trationDelegate$BeanPostProcessorChecker : Bean 'hashedCredentialsMatcher' of type [org.apache.shiro.authc.credential.HashedCredentialsMatcher] is not eligible for getting processed by all BeanPostProcessors (for example: not eligible for auto-proxying)
19:19:17:959  INFO 50148 --- [main] trationDelegate$BeanPostProcessorChecker : Bean 'mybatis-plus-com.baomidou.mybatisplus.autoconfigure.MybatisPlusProperties' of type [com.baomidou.mybatisplus.autoconfigure.MybatisPlusProperties] is not eligible for getting processed by all BeanPostProcessors (for example: not eligible for auto-proxying)
19:19:17:971  INFO 50148 --- [main] trationDelegate$BeanPostProcessorChecker : Bean 'com.place.common.config.MyBatisConfig' of type [com.place.common.config.MyBatisConfig$$EnhancerBySpringCGLIB$$7ddf96af] is not eligible for getting processed by all BeanPostProcessors (for example: not eligible for auto-proxying)
19:19:17:985  INFO 50148 --- [main] trationDelegate$BeanPostProcessorChecker : Bean 'mybatisPlusInterceptor' of type [com.baomidou.mybatisplus.extension.plugins.MybatisPlusInterceptor] is not eligible for getting processed by all BeanPostProcessors (for example: not eligible for auto-proxying)
19:19:17:999  INFO 50148 --- [main] trationDelegate$BeanPostProcessorChecker : Bean 'com.baomidou.mybatisplus.autoconfigure.MybatisPlusAutoConfiguration' of type [com.baomidou.mybatisplus.autoconfigure.MybatisPlusAutoConfiguration$$EnhancerBySpringCGLIB$$9ff3154c] is not eligible for getting processed by all BeanPostProcessors (for example: not eligible for auto-proxying)
19:19:18:002  INFO 50148 --- [main] trationDelegate$BeanPostProcessorChecker : Bean 'org.springframework.boot.autoconfigure.jdbc.DataSourceConfiguration$Hikari' of type [org.springframework.boot.autoconfigure.jdbc.DataSourceConfiguration$Hikari] is not eligible for getting processed by all BeanPostProcessors (for example: not eligible for auto-proxying)
19:19:18:021  INFO 50148 --- [main] trationDelegate$BeanPostProcessorChecker : Bean 'spring.datasource-org.springframework.boot.autoconfigure.jdbc.DataSourceProperties' of type [org.springframework.boot.autoconfigure.jdbc.DataSourceProperties] is not eligible for getting processed by all BeanPostProcessors (for example: not eligible for auto-proxying)
19:19:18:057  INFO 50148 --- [main] trationDelegate$BeanPostProcessorChecker : Bean 'dataSource' of type [com.zaxxer.hikari.HikariDataSource] is not eligible for getting processed by all BeanPostProcessors (for example: not eligible for auto-proxying)
19:19:18:537  INFO 50148 --- [main] trationDelegate$BeanPostProcessorChecker : Bean 'sqlSessionFactory' of type [org.apache.ibatis.session.defaults.DefaultSqlSessionFactory] is not eligible for getting processed by all BeanPostProcessors (for example: not eligible for auto-proxying)
19:19:18:540  INFO 50148 --- [main] trationDelegate$BeanPostProcessorChecker : Bean 'org.springframework.boot.autoconfigure.sql.init.DataSourceInitializationConfiguration' of type [org.springframework.boot.autoconfigure.sql.init.DataSourceInitializationConfiguration] is not eligible for getting processed by all BeanPostProcessors (for example: not eligible for auto-proxying)
19:19:18:546  INFO 50148 --- [main] trationDelegate$BeanPostProcessorChecker : Bean 'spring.sql.init-org.springframework.boot.autoconfigure.sql.init.SqlInitializationProperties' of type [org.springframework.boot.autoconfigure.sql.init.SqlInitializationProperties] is not eligible for getting processed by all BeanPostProcessors (for example: not eligible for auto-proxying)
19:19:18:554  INFO 50148 --- [main] trationDelegate$BeanPostProcessorChecker : Bean 'dataSourceScriptDatabaseInitializer' of type [org.springframework.boot.autoconfigure.sql.init.SqlDataSourceScriptDatabaseInitializer] is not eligible for getting processed by all BeanPostProcessors (for example: not eligible for auto-proxying)
19:19:18:565  INFO 50148 --- [main] trationDelegate$BeanPostProcessorChecker : Bean 'sqlSessionTemplate' of type [org.mybatis.spring.SqlSessionTemplate] is not eligible for getting processed by all BeanPostProcessors (for example: not eligible for auto-proxying)
19:19:18:701  WARN 50148 --- [main] c.b.m.core.injector.AbstractMethod       : [com.place.mapper.UserMapper.delete] Has been loaded by XML or SqlProvider or Mybatis's Annotation, so ignoring this injection for [class com.baomidou.mybatisplus.core.injector.methods.Delete]
19:19:18:730  INFO 50148 --- [main] trationDelegate$BeanPostProcessorChecker : Bean 'userMapper' of type [org.mybatis.spring.mapper.MapperFactoryBean] is not eligible for getting processed by all BeanPostProcessors (for example: not eligible for auto-proxying)
19:19:18:733  INFO 50148 --- [main] trationDelegate$BeanPostProcessorChecker : Bean 'userMapper' of type [com.sun.proxy.$Proxy94] is not eligible for getting processed by all BeanPostProcessors (for example: not eligible for auto-proxying)
19:19:18:740  INFO 50148 --- [main] trationDelegate$BeanPostProcessorChecker : Bean 'userServiceImpl' of type [com.place.service.impl.UserServiceImpl] is not eligible for getting processed by all BeanPostProcessors (for example: not eligible for auto-proxying)
19:19:18:763  INFO 50148 --- [main] trationDelegate$BeanPostProcessorChecker : Bean 'myRealm' of type [com.place.utils.shiro.MyRealm] is not eligible for getting processed by all BeanPostProcessors (for example: not eligible for auto-proxying)
19:19:19:112  INFO 50148 --- [main] trationDelegate$BeanPostProcessorChecker : Bean 'manager' of type [org.apache.shiro.web.mgt.DefaultWebSecurityManager] is not eligible for getting processed by all BeanPostProcessors (for example: not eligible for auto-proxying)
19:19:19:141  INFO 50148 --- [main] trationDelegate$BeanPostProcessorChecker : Bean 'authorizationAttributeSourceAdvisor' of type [org.apache.shiro.spring.security.interceptor.AuthorizationAttributeSourceAdvisor] is not eligible for getting processed by all BeanPostProcessors (for example: not eligible for auto-proxying)
19:19:19:154  INFO 50148 --- [main] trationDelegate$BeanPostProcessorChecker : Bean 'eventBus' of type [org.apache.shiro.event.support.DefaultEventBus] is not eligible for getting processed by all BeanPostProcessors (for example: not eligible for auto-proxying)
19:19:20:730  INFO 50148 --- [main] pertySourcedRequestMappingHandlerMapping : Mapped URL path [/v2/api-docs] onto method [springfox.documentation.swagger2.web.Swagger2ControllerWebMvc#getDocumentation(String, HttpServletRequest)]
19:19:21:014  INFO 50148 --- [main] d.s.w.p.DocumentationPluginsBootstrapper : Documentation plugins bootstrapped
19:19:21:017  INFO 50148 --- [main] d.s.w.p.DocumentationPluginsBootstrapper : Found 1 custom documentation plugin(s)
19:19:21:054  INFO 50148 --- [main] s.d.s.w.s.ApiListingReferenceScanner     : Scanning for api listing references
19:19:21:187  INFO 50148 --- [main] .d.s.w.r.o.CachingOperationNameGenerator : Generating unique operation named: editUsingPOST_1
19:19:21:191  INFO 50148 --- [main] .d.s.w.r.o.CachingOperationNameGenerator : Generating unique operation named: addUsingPOST_1
19:19:21:193  INFO 50148 --- [main] .d.s.w.r.o.CachingOperationNameGenerator : Generating unique operation named: deleteUsingDELETE_1
19:19:21:195  INFO 50148 --- [main] .d.s.w.r.o.CachingOperationNameGenerator : Generating unique operation named: pageUsingGET_1
19:19:21:199  INFO 50148 --- [main] .d.s.w.r.o.CachingOperationNameGenerator : Generating unique operation named: pageUsingGET_2
19:19:21:244  INFO 50148 --- [main] .d.s.w.r.o.CachingOperationNameGenerator : Generating unique operation named: pageUsingGET_3
19:19:21:271  INFO 50148 --- [main] .d.s.w.r.o.CachingOperationNameGenerator : Generating unique operation named: deleteUsingDELETE_2
19:19:21:289  INFO 50148 --- [main] com.place.PlaceExplorerApplicationTests  : Started PlaceExplorerApplicationTests in 4.879 seconds (JVM running for 5.622)
