01:51:38:252  INFO 19532 --- [main] com.cswap.CampusSwapApplication          : Starting CampusSwapApplication using Java 11.0.20 on ZCY_Laptop with PID 19532 (D:\Courses\Web\proj\CampusSwap\cs-service\target\classes started by ZCY- in D:\Courses\Web\proj\CampusSwap)
01:51:38:259  INFO 19532 --- [main] com.cswap.CampusSwapApplication          : The following 1 profile is active: "local"
01:51:38:836  INFO 19532 --- [main] trationDelegate$BeanPostProcessorChecker : Bean 'org.apache.shiro.spring.boot.autoconfigure.ShiroBeanAutoConfiguration' of type [org.apache.shiro.spring.boot.autoconfigure.ShiroBeanAutoConfiguration$$EnhancerBySpringCGLIB$$23ebe87d] is not eligible for getting processed by all BeanPostProcessors (for example: not eligible for auto-proxying)
01:51:38:855  INFO 19532 --- [main] trationDelegate$BeanPostProcessorChecker : Bean 'org.apache.shiro.spring.boot.autoconfigure.ShiroAnnotationProcessorAutoConfiguration' of type [org.apache.shiro.spring.boot.autoconfigure.ShiroAnnotationProcessorAutoConfiguration$$EnhancerBySpringCGLIB$$267f2722] is not eligible for getting processed by all BeanPostProcessors (for example: not eligible for auto-proxying)
01:51:38:865  INFO 19532 --- [main] trationDelegate$BeanPostProcessorChecker : Bean 'shiroConfig' of type [com.cswap.utils.shiro.ShiroConfig$$EnhancerBySpringCGLIB$$1a8edb86] is not eligible for getting processed by all BeanPostProcessors (for example: not eligible for auto-proxying)
01:51:38:882  INFO 19532 --- [main] trationDelegate$BeanPostProcessorChecker : Bean 'hashedCredentialsMatcher' of type [org.apache.shiro.authc.credential.HashedCredentialsMatcher] is not eligible for getting processed by all BeanPostProcessors (for example: not eligible for auto-proxying)
01:51:38:959  INFO 19532 --- [main] trationDelegate$BeanPostProcessorChecker : Bean 'mybatis-plus-com.baomidou.mybatisplus.autoconfigure.MybatisPlusProperties' of type [com.baomidou.mybatisplus.autoconfigure.MybatisPlusProperties] is not eligible for getting processed by all BeanPostProcessors (for example: not eligible for auto-proxying)
01:51:38:961  INFO 19532 --- [main] trationDelegate$BeanPostProcessorChecker : Bean 'com.cswap.common.config.MyBatisConfig' of type [com.cswap.common.config.MyBatisConfig$$EnhancerBySpringCGLIB$$d2746699] is not eligible for getting processed by all BeanPostProcessors (for example: not eligible for auto-proxying)
01:51:38:966  INFO 19532 --- [main] trationDelegate$BeanPostProcessorChecker : Bean 'mybatisPlusInterceptor' of type [com.baomidou.mybatisplus.extension.plugins.MybatisPlusInterceptor] is not eligible for getting processed by all BeanPostProcessors (for example: not eligible for auto-proxying)
01:51:38:970  INFO 19532 --- [main] trationDelegate$BeanPostProcessorChecker : Bean 'com.baomidou.mybatisplus.autoconfigure.MybatisPlusAutoConfiguration' of type [com.baomidou.mybatisplus.autoconfigure.MybatisPlusAutoConfiguration$$EnhancerBySpringCGLIB$$4e9b7767] is not eligible for getting processed by all BeanPostProcessors (for example: not eligible for auto-proxying)
01:51:38:971  INFO 19532 --- [main] trationDelegate$BeanPostProcessorChecker : Bean 'org.springframework.boot.autoconfigure.jdbc.DataSourceConfiguration$Hikari' of type [org.springframework.boot.autoconfigure.jdbc.DataSourceConfiguration$Hikari] is not eligible for getting processed by all BeanPostProcessors (for example: not eligible for auto-proxying)
01:51:38:976  INFO 19532 --- [main] trationDelegate$BeanPostProcessorChecker : Bean 'spring.datasource-org.springframework.boot.autoconfigure.jdbc.DataSourceProperties' of type [org.springframework.boot.autoconfigure.jdbc.DataSourceProperties] is not eligible for getting processed by all BeanPostProcessors (for example: not eligible for auto-proxying)
01:51:38:999  INFO 19532 --- [main] trationDelegate$BeanPostProcessorChecker : Bean 'dataSource' of type [com.zaxxer.hikari.HikariDataSource] is not eligible for getting processed by all BeanPostProcessors (for example: not eligible for auto-proxying)
01:51:39:303  INFO 19532 --- [main] trationDelegate$BeanPostProcessorChecker : Bean 'sqlSessionFactory' of type [org.apache.ibatis.session.defaults.DefaultSqlSessionFactory] is not eligible for getting processed by all BeanPostProcessors (for example: not eligible for auto-proxying)
01:51:39:307  INFO 19532 --- [main] trationDelegate$BeanPostProcessorChecker : Bean 'sqlSessionTemplate' of type [org.mybatis.spring.SqlSessionTemplate] is not eligible for getting processed by all BeanPostProcessors (for example: not eligible for auto-proxying)
01:51:39:405  WARN 19532 --- [main] c.b.m.core.injector.AbstractMethod       : [com.cswap.mapper.UserMapper.delete] Has been loaded by XML or SqlProvider or Mybatis's Annotation, so ignoring this injection for [class com.baomidou.mybatisplus.core.injector.methods.Delete]
01:51:39:422  INFO 19532 --- [main] trationDelegate$BeanPostProcessorChecker : Bean 'userMapper' of type [org.mybatis.spring.mapper.MapperFactoryBean] is not eligible for getting processed by all BeanPostProcessors (for example: not eligible for auto-proxying)
01:51:39:424  INFO 19532 --- [main] trationDelegate$BeanPostProcessorChecker : Bean 'userMapper' of type [com.sun.proxy.$Proxy85] is not eligible for getting processed by all BeanPostProcessors (for example: not eligible for auto-proxying)
01:51:39:426  INFO 19532 --- [main] trationDelegate$BeanPostProcessorChecker : Bean 'userServiceImpl' of type [com.cswap.service.impl.UserServiceImpl] is not eligible for getting processed by all BeanPostProcessors (for example: not eligible for auto-proxying)
01:51:39:439  INFO 19532 --- [main] trationDelegate$BeanPostProcessorChecker : Bean 'myRealm' of type [com.cswap.utils.shiro.MyRealm] is not eligible for getting processed by all BeanPostProcessors (for example: not eligible for auto-proxying)
01:51:39:473  INFO 19532 --- [main] trationDelegate$BeanPostProcessorChecker : Bean 'manager' of type [org.apache.shiro.web.mgt.DefaultWebSecurityManager] is not eligible for getting processed by all BeanPostProcessors (for example: not eligible for auto-proxying)
01:51:39:482  INFO 19532 --- [main] trationDelegate$BeanPostProcessorChecker : Bean 'authorizationAttributeSourceAdvisor' of type [org.apache.shiro.spring.security.interceptor.AuthorizationAttributeSourceAdvisor] is not eligible for getting processed by all BeanPostProcessors (for example: not eligible for auto-proxying)
01:51:39:484  INFO 19532 --- [main] trationDelegate$BeanPostProcessorChecker : Bean 'eventBus' of type [org.apache.shiro.event.support.DefaultEventBus] is not eligible for getting processed by all BeanPostProcessors (for example: not eligible for auto-proxying)
01:51:39:611  INFO 19532 --- [main] o.s.b.w.embedded.tomcat.TomcatWebServer  : Tomcat initialized with port(s): 8081 (http)
01:51:39:617  INFO 19532 --- [main] o.apache.catalina.core.StandardService   : Starting service [Tomcat]
01:51:39:617  INFO 19532 --- [main] org.apache.catalina.core.StandardEngine  : Starting Servlet engine: [Apache Tomcat/9.0.68]
01:51:39:669  INFO 19532 --- [main] o.a.c.c.C.[Tomcat].[localhost].[/]       : Initializing Spring embedded WebApplicationContext
01:51:39:670  INFO 19532 --- [main] w.s.c.ServletWebServerApplicationContext : Root WebApplicationContext: initialization completed in 1381 ms
01:51:40:099  INFO 19532 --- [main] pertySourcedRequestMappingHandlerMapping : Mapped URL path [/v2/api-docs] onto method [springfox.documentation.swagger2.web.Swagger2ControllerWebMvc#getDocumentation(String, HttpServletRequest)]
01:51:40:196  INFO 19532 --- [main] o.s.b.w.embedded.tomcat.TomcatWebServer  : Tomcat started on port(s): 8081 (http) with context path ''
01:51:40:197  INFO 19532 --- [main] d.s.w.p.DocumentationPluginsBootstrapper : Documentation plugins bootstrapped
01:51:40:199  INFO 19532 --- [main] d.s.w.p.DocumentationPluginsBootstrapper : Found 1 custom documentation plugin(s)
01:51:40:217  INFO 19532 --- [main] s.d.s.w.s.ApiListingReferenceScanner     : Scanning for api listing references
01:51:40:276  INFO 19532 --- [main] .d.s.w.r.o.CachingOperationNameGenerator : Generating unique operation named: editUsingPOST_1
01:51:40:277  INFO 19532 --- [main] .d.s.w.r.o.CachingOperationNameGenerator : Generating unique operation named: addUsingPOST_1
01:51:40:278  INFO 19532 --- [main] .d.s.w.r.o.CachingOperationNameGenerator : Generating unique operation named: deleteUsingDELETE_1
01:51:40:279  INFO 19532 --- [main] .d.s.w.r.o.CachingOperationNameGenerator : Generating unique operation named: pageUsingGET_1
01:51:40:280  INFO 19532 --- [main] .d.s.w.r.o.CachingOperationNameGenerator : Generating unique operation named: pageUsingGET_2
01:51:40:296  INFO 19532 --- [main] .d.s.w.r.o.CachingOperationNameGenerator : Generating unique operation named: pageUsingGET_3
01:51:40:305  INFO 19532 --- [main] .d.s.w.r.o.CachingOperationNameGenerator : Generating unique operation named: deleteUsingDELETE_2
01:51:40:315  INFO 19532 --- [main] com.cswap.CampusSwapApplication          : Started CampusSwapApplication in 2.294 seconds (JVM running for 2.798)
01:52:24:588  INFO 19532 --- [http-nio-8081-exec-2] o.a.c.c.C.[Tomcat].[localhost].[/]       : Initializing Spring DispatcherServlet 'dispatcherServlet'
01:52:24:590  INFO 19532 --- [http-nio-8081-exec-2] o.s.web.servlet.DispatcherServlet        : Initializing Servlet 'dispatcherServlet'
01:52:24:591  INFO 19532 --- [http-nio-8081-exec-2] o.s.web.servlet.DispatcherServlet        : Completed initialization in 1 ms
01:52:42:576  INFO 19532 --- [http-nio-8081-exec-3] com.zaxxer.hikari.HikariDataSource       : HikariPool-1 - Starting...
01:52:43:275  INFO 19532 --- [http-nio-8081-exec-3] com.zaxxer.hikari.HikariDataSource       : HikariPool-1 - Start completed.
02:09:25:809  INFO 19532 --- [SpringApplicationShutdownHook] com.zaxxer.hikari.HikariDataSource       : HikariPool-1 - Shutdown initiated...
02:09:25:851  INFO 19532 --- [SpringApplicationShutdownHook] com.zaxxer.hikari.HikariDataSource       : HikariPool-1 - Shutdown completed.
